{"/home/travis/build/npmtest/node-npmtest-sync/test.js":{"path":"/home/travis/build/npmtest/node-npmtest-sync/test.js","s":{"1":2,"2":2,"3":2,"4":2,"5":2,"6":2,"7":2,"8":1,"9":2,"10":2,"11":1,"12":1,"13":1,"14":1,"15":2,"16":2,"17":2,"18":2,"19":1,"20":1,"21":2,"22":2,"23":2,"24":1,"25":1,"26":1,"27":1,"28":1,"29":1,"30":1,"31":1,"32":1,"33":1,"34":1,"35":1,"36":1,"37":1,"38":1,"39":2,"40":2,"41":1,"42":2,"43":2,"44":1,"45":2,"46":2,"47":1,"48":2,"49":2,"50":1,"51":1,"52":1,"53":1,"54":1},"b":{"1":[2,1,1,1],"2":[1,1,1,1],"3":[1,1],"4":[1,1],"5":[1,1],"6":[1,1],"7":[1,1],"8":[1,1],"9":[1,1],"10":[1,1,1],"11":[1,1],"12":[1,1],"13":[1,1],"14":[1,1],"15":[1,1],"16":[1,1],"17":[1,1]},"f":{"1":2,"2":2,"3":2,"4":2,"5":2,"6":1,"7":1,"8":1,"9":2,"10":2,"11":2,"12":2,"13":1},"fnMap":{"1":{"name":"(anonymous_1)","line":12,"loc":{"start":{"line":12,"column":1},"end":{"line":12,"column":13}}},"2":{"name":"(anonymous_2)","line":19,"loc":{"start":{"line":19,"column":5},"end":{"line":19,"column":17}}},"3":{"name":"(anonymous_3)","line":23,"loc":{"start":{"line":23,"column":24},"end":{"line":23,"column":36}}},"4":{"name":"(anonymous_4)","line":61,"loc":{"start":{"line":61,"column":5},"end":{"line":61,"column":17}}},"5":{"name":"(anonymous_5)","line":82,"loc":{"start":{"line":82,"column":5},"end":{"line":82,"column":17}}},"6":{"name":"(anonymous_6)","line":91,"loc":{"start":{"line":91,"column":77},"end":{"line":94,"column":10}}},"7":{"name":"(anonymous_7)","line":112,"loc":{"start":{"line":112,"column":83},"end":{"line":115,"column":10}},"skip":true},"8":{"name":"(anonymous_8)","line":123,"loc":{"start":{"line":123,"column":77},"end":{"line":126,"column":10}},"skip":true},"9":{"name":"(anonymous_9)","line":139,"loc":{"start":{"line":139,"column":12},"end":{"line":139,"column":40}},"skip":true},"10":{"name":"(anonymous_10)","line":147,"loc":{"start":{"line":147,"column":77},"end":{"line":150,"column":10}},"skip":true},"11":{"name":"(anonymous_11)","line":158,"loc":{"start":{"line":158,"column":83},"end":{"line":161,"column":10}},"skip":true},"12":{"name":"(anonymous_12)","line":169,"loc":{"start":{"line":169,"column":79},"end":{"line":172,"column":10}},"skip":true},"13":{"name":"(anonymous_13)","line":180,"loc":{"start":{"line":180,"column":75},"end":{"line":183,"column":10}},"skip":true}},"statementMap":{"1":{"start":{"line":12,"column":0},"end":{"line":195,"column":5}},"2":{"start":{"line":14,"column":4},"end":{"line":14,"column":14}},"3":{"start":{"line":19,"column":4},"end":{"line":56,"column":9}},"4":{"start":{"line":21,"column":8},"end":{"line":21,"column":19}},"5":{"start":{"line":23,"column":8},"end":{"line":35,"column":13}},"6":{"start":{"line":24,"column":12},"end":{"line":34,"column":13}},"7":{"start":{"line":25,"column":16},"end":{"line":28,"column":30}},"8":{"start":{"line":30,"column":16},"end":{"line":33,"column":27}},"9":{"start":{"line":37,"column":8},"end":{"line":39,"column":21}},"10":{"start":{"line":40,"column":8},"end":{"line":53,"column":9}},"11":{"start":{"line":43,"column":12},"end":{"line":46,"column":14}},"12":{"start":{"line":47,"column":12},"end":{"line":47,"column":18}},"13":{"start":{"line":50,"column":12},"end":{"line":51,"column":46}},"14":{"start":{"line":52,"column":12},"end":{"line":52,"column":18}},"15":{"start":{"line":55,"column":8},"end":{"line":55,"column":35}},"16":{"start":{"line":61,"column":4},"end":{"line":63,"column":9}},"17":{"start":{"line":62,"column":8},"end":{"line":62,"column":15}},"18":{"start":{"line":64,"column":4},"end":{"line":77,"column":5}},"19":{"start":{"line":70,"column":8},"end":{"line":70,"column":14}},"20":{"start":{"line":76,"column":8},"end":{"line":76,"column":14}},"21":{"start":{"line":82,"column":4},"end":{"line":84,"column":9}},"22":{"start":{"line":83,"column":8},"end":{"line":83,"column":15}},"23":{"start":{"line":85,"column":4},"end":{"line":194,"column":5}},"24":{"start":{"line":91,"column":8},"end":{"line":99,"column":10}},"25":{"start":{"line":98,"column":12},"end":{"line":98,"column":35}},"26":{"start":{"line":102,"column":8},"end":{"line":104,"column":63}},"27":{"start":{"line":105,"column":8},"end":{"line":105,"column":14}},"28":{"start":{"line":112,"column":8},"end":{"line":121,"column":10},"skip":true},"29":{"start":{"line":119,"column":12},"end":{"line":119,"column":55},"skip":true},"30":{"start":{"line":120,"column":12},"end":{"line":120,"column":48},"skip":true},"31":{"start":{"line":123,"column":8},"end":{"line":136,"column":10},"skip":true},"32":{"start":{"line":130,"column":12},"end":{"line":130,"column":76},"skip":true},"33":{"start":{"line":131,"column":12},"end":{"line":131,"column":73},"skip":true},"34":{"start":{"line":132,"column":12},"end":{"line":132,"column":74},"skip":true},"35":{"start":{"line":133,"column":12},"end":{"line":133,"column":79},"skip":true},"36":{"start":{"line":134,"column":12},"end":{"line":134,"column":25},"skip":true},"37":{"start":{"line":135,"column":12},"end":{"line":135,"column":45},"skip":true},"38":{"start":{"line":138,"column":8},"end":{"line":145,"column":14},"skip":true},"39":{"start":{"line":143,"column":16},"end":{"line":143,"column":29},"skip":true},"40":{"start":{"line":144,"column":16},"end":{"line":144,"column":55},"skip":true},"41":{"start":{"line":147,"column":8},"end":{"line":156,"column":10},"skip":true},"42":{"start":{"line":154,"column":12},"end":{"line":154,"column":25},"skip":true},"43":{"start":{"line":155,"column":12},"end":{"line":155,"column":45},"skip":true},"44":{"start":{"line":158,"column":8},"end":{"line":167,"column":10},"skip":true},"45":{"start":{"line":165,"column":12},"end":{"line":165,"column":25},"skip":true},"46":{"start":{"line":166,"column":12},"end":{"line":166,"column":48},"skip":true},"47":{"start":{"line":169,"column":8},"end":{"line":178,"column":10},"skip":true},"48":{"start":{"line":176,"column":12},"end":{"line":176,"column":25},"skip":true},"49":{"start":{"line":177,"column":12},"end":{"line":177,"column":46},"skip":true},"50":{"start":{"line":180,"column":8},"end":{"line":189,"column":10},"skip":true},"51":{"start":{"line":187,"column":12},"end":{"line":187,"column":94},"skip":true},"52":{"start":{"line":188,"column":12},"end":{"line":188,"column":48},"skip":true},"53":{"start":{"line":192,"column":8},"end":{"line":192,"column":35},"skip":true},"54":{"start":{"line":193,"column":8},"end":{"line":193,"column":14},"skip":true}},"branchMap":{"1":{"line":25,"type":"binary-expr","locations":[{"start":{"line":25,"column":23},"end":{"line":25,"column":62}},{"start":{"line":26,"column":20},"end":{"line":26,"column":70}},{"start":{"line":27,"column":20},"end":{"line":27,"column":71}},{"start":{"line":28,"column":20},"end":{"line":28,"column":29}}]},"2":{"line":30,"type":"binary-expr","locations":[{"start":{"line":30,"column":23},"end":{"line":30,"column":37}},{"start":{"line":31,"column":20},"end":{"line":31,"column":61}},{"start":{"line":32,"column":20},"end":{"line":32,"column":70}},{"start":{"line":33,"column":20},"end":{"line":33,"column":26}}]},"3":{"line":37,"type":"cond-expr","locations":[{"start":{"line":38,"column":14},"end":{"line":38,"column":20}},{"start":{"line":39,"column":14},"end":{"line":39,"column":20}}]},"4":{"line":40,"type":"switch","locations":[{"start":{"line":42,"column":8},"end":{"line":47,"column":18}},{"start":{"line":49,"column":8},"end":{"line":52,"column":18}}]},"5":{"line":44,"type":"binary-expr","locations":[{"start":{"line":44,"column":16},"end":{"line":44,"column":44}},{"start":{"line":44,"column":48},"end":{"line":44,"column":66}}]},"6":{"line":50,"type":"binary-expr","locations":[{"start":{"line":50,"column":21},"end":{"line":50,"column":49}},{"start":{"line":50,"column":53},"end":{"line":50,"column":72}}]},"7":{"line":64,"type":"switch","locations":[{"start":{"line":69,"column":4},"end":{"line":70,"column":14}},{"start":{"line":75,"column":4},"end":{"line":76,"column":14}}]},"8":{"line":85,"type":"switch","locations":[{"start":{"line":90,"column":4},"end":{"line":105,"column":14}},{"start":{"line":111,"column":4},"end":{"line":193,"column":14},"skip":true}]},"9":{"line":91,"type":"binary-expr","locations":[{"start":{"line":91,"column":42},"end":{"line":91,"column":73}},{"start":{"line":91,"column":77},"end":{"line":99,"column":9}}]},"10":{"line":102,"type":"binary-expr","locations":[{"start":{"line":102,"column":18},"end":{"line":102,"column":32}},{"start":{"line":103,"column":12},"end":{"line":103,"column":53}},{"start":{"line":104,"column":12},"end":{"line":104,"column":61}}]},"11":{"line":112,"type":"binary-expr","locations":[{"start":{"line":112,"column":45},"end":{"line":112,"column":79},"skip":true},{"start":{"line":112,"column":83},"end":{"line":121,"column":9},"skip":true}]},"12":{"line":123,"type":"binary-expr","locations":[{"start":{"line":123,"column":42},"end":{"line":123,"column":73},"skip":true},{"start":{"line":123,"column":77},"end":{"line":136,"column":9},"skip":true}]},"13":{"line":138,"type":"binary-expr","locations":[{"start":{"line":138,"column":48},"end":{"line":138,"column":85},"skip":true},{"start":{"line":139,"column":12},"end":{"line":145,"column":13},"skip":true}]},"14":{"line":147,"type":"binary-expr","locations":[{"start":{"line":147,"column":42},"end":{"line":147,"column":73},"skip":true},{"start":{"line":147,"column":77},"end":{"line":156,"column":9},"skip":true}]},"15":{"line":158,"type":"binary-expr","locations":[{"start":{"line":158,"column":45},"end":{"line":158,"column":79},"skip":true},{"start":{"line":158,"column":83},"end":{"line":167,"column":9},"skip":true}]},"16":{"line":169,"type":"binary-expr","locations":[{"start":{"line":169,"column":43},"end":{"line":169,"column":75},"skip":true},{"start":{"line":169,"column":79},"end":{"line":178,"column":9},"skip":true}]},"17":{"line":180,"type":"binary-expr","locations":[{"start":{"line":180,"column":41},"end":{"line":180,"column":71},"skip":true},{"start":{"line":180,"column":75},"end":{"line":189,"column":9},"skip":true}]}},"code":["/* istanbul instrument in package npmtest_sync */","/*jslint","    bitwise: true,","    browser: true,","    maxerr: 8,","    maxlen: 96,","    node: true,","    nomen: true,","    regexp: true,","    stupid: true","*/","(function () {","    'use strict';","    var local;","","","","    // run shared js-env code - pre-init","    (function () {","        // init local","        local = {};","        // init modeJs","        local.modeJs = (function () {","            try {","                return typeof navigator.userAgent === 'string' &&","                    typeof document.querySelector('body') === 'object' &&","                    typeof XMLHttpRequest.prototype.open === 'function' &&","                    'browser';","            } catch (errorCaughtBrowser) {","                return module.exports &&","                    typeof process.versions.node === 'string' &&","                    typeof require('http').createServer === 'function' &&","                    'node';","            }","        }());","        // init global","        local.global = local.modeJs === 'browser'","            ? window","            : global;","        switch (local.modeJs) {","        // re-init local from window.local","        case 'browser':","            local = local.global.utility2.objectSetDefault(","                local.global.utility2_rollup || local.global.local,","                local.global.utility2","            );","            break;","        // re-init local from example.js","        case 'node':","            local = (local.global.utility2_rollup || require('utility2'))","                .requireExampleJsFromReadme();","            break;","        }","        // export local","        local.global.local = local;","    }());","","","","    // run shared js-env code - function","    (function () {","        return;","    }());","    switch (local.modeJs) {","","","","    // run browser js-env code - function","    case 'browser':","        break;","","","","    // run node js-env code - function","    case 'node':","        break;","    }","","","","    // run shared js-env code - post-init","    (function () {","        return;","    }());","    switch (local.modeJs) {","","","","    // run browser js-env code - post-init","    case 'browser':","        local.testCase_browser_nullCase = local.testCase_browser_nullCase || function (","            options,","            onError","        ) {","        /*","         * this function will test browsers's null-case handling-behavior-behavior","         */","            onError(null, options);","        };","","        // run tests","        local.nop(local.modeTest &&","            document.querySelector('#testRunButton1') &&","            document.querySelector('#testRunButton1').click());","        break;","","","","    // run node js-env code - post-init","    /* istanbul ignore next */","    case 'node':","        local.testCase_buildApidoc_default = local.testCase_buildApidoc_default || function (","            options,","            onError","        ) {","        /*","         * this function will test buildApidoc's default handling-behavior-behavior","         */","            options = { modulePathList: module.paths };","            local.buildApidoc(options, onError);","        };","","        local.testCase_buildApp_default = local.testCase_buildApp_default || function (","            options,","            onError","        ) {","        /*","         * this function will test buildApp's default handling-behavior-behavior","         */","            local.testCase_buildReadme_default(options, local.onErrorThrow);","            local.testCase_buildLib_default(options, local.onErrorThrow);","            local.testCase_buildTest_default(options, local.onErrorThrow);","            local.testCase_buildCustomOrg_default(options, local.onErrorThrow);","            options = [];","            local.buildApp(options, onError);","        };","","        local.testCase_buildCustomOrg_default = local.testCase_buildCustomOrg_default ||","            function (options, onError) {","            /*","             * this function will test buildCustomOrg's default handling-behavior","             */","                options = {};","                local.buildCustomOrg(options, onError);","            };","","        local.testCase_buildLib_default = local.testCase_buildLib_default || function (","            options,","            onError","        ) {","        /*","         * this function will test buildLib's default handling-behavior","         */","            options = {};","            local.buildLib(options, onError);","        };","","        local.testCase_buildReadme_default = local.testCase_buildReadme_default || function (","            options,","            onError","        ) {","        /*","         * this function will test buildReadme's default handling-behavior-behavior","         */","            options = {};","            local.buildReadme(options, onError);","        };","","        local.testCase_buildTest_default = local.testCase_buildTest_default || function (","            options,","            onError","        ) {","        /*","         * this function will test buildTest's default handling-behavior","         */","            options = {};","            local.buildTest(options, onError);","        };","","        local.testCase_webpage_default = local.testCase_webpage_default || function (","            options,","            onError","        ) {","        /*","         * this function will test webpage's default handling-behavior","         */","            options = { modeCoverageMerge: true, url: local.serverLocalHost + '?modeTest=1' };","            local.browserTest(options, onError);","        };","","        // run test-server","        local.testRunServer(local);","        break;","    }","}());",""],"l":{"12":2,"14":2,"19":2,"21":2,"23":2,"24":2,"25":2,"30":1,"37":2,"40":2,"43":1,"47":1,"50":1,"52":1,"55":2,"61":2,"62":2,"64":2,"70":1,"76":1,"82":2,"83":2,"85":2,"91":1,"98":1,"102":1,"105":1,"112":1,"119":1,"120":1,"123":1,"130":1,"131":1,"132":1,"133":1,"134":1,"135":1,"138":1,"143":2,"144":2,"147":1,"154":2,"155":2,"158":1,"165":2,"166":2,"169":1,"176":2,"177":2,"180":1,"187":1,"188":1,"192":1,"193":1}},"/home/travis/build/npmtest/node-npmtest-sync/lib.npmtest_sync.js":{"path":"/home/travis/build/npmtest/node-npmtest-sync/lib.npmtest_sync.js","s":{"1":2,"2":2,"3":2,"4":2,"5":2,"6":2,"7":2,"8":1,"9":2,"10":2,"11":2,"12":2,"13":1,"14":1,"15":1,"16":1},"b":{"1":[2,1,1,1],"2":[1,1,1,1],"3":[1,1],"4":[2,2],"5":[1,1]},"f":{"1":2,"2":2,"3":2},"fnMap":{"1":{"name":"(anonymous_1)","line":12,"loc":{"start":{"line":12,"column":1},"end":{"line":12,"column":13}}},"2":{"name":"(anonymous_2)","line":19,"loc":{"start":{"line":19,"column":5},"end":{"line":19,"column":17}}},"3":{"name":"(anonymous_3)","line":23,"loc":{"start":{"line":23,"column":24},"end":{"line":23,"column":36}}}},"statementMap":{"1":{"start":{"line":12,"column":0},"end":{"line":53,"column":5}},"2":{"start":{"line":14,"column":4},"end":{"line":14,"column":14}},"3":{"start":{"line":19,"column":4},"end":{"line":52,"column":9}},"4":{"start":{"line":21,"column":8},"end":{"line":21,"column":19}},"5":{"start":{"line":23,"column":8},"end":{"line":35,"column":13}},"6":{"start":{"line":24,"column":12},"end":{"line":34,"column":13}},"7":{"start":{"line":25,"column":16},"end":{"line":28,"column":30}},"8":{"start":{"line":30,"column":16},"end":{"line":33,"column":27}},"9":{"start":{"line":37,"column":8},"end":{"line":39,"column":21}},"10":{"start":{"line":41,"column":8},"end":{"line":41,"column":54}},"11":{"start":{"line":43,"column":8},"end":{"line":43,"column":49}},"12":{"start":{"line":45,"column":8},"end":{"line":51,"column":9}},"13":{"start":{"line":46,"column":12},"end":{"line":46,"column":55}},"14":{"start":{"line":48,"column":12},"end":{"line":48,"column":35}},"15":{"start":{"line":49,"column":12},"end":{"line":49,"column":49}},"16":{"start":{"line":50,"column":12},"end":{"line":50,"column":43}}},"branchMap":{"1":{"line":25,"type":"binary-expr","locations":[{"start":{"line":25,"column":23},"end":{"line":25,"column":62}},{"start":{"line":26,"column":20},"end":{"line":26,"column":70}},{"start":{"line":27,"column":20},"end":{"line":27,"column":71}},{"start":{"line":28,"column":20},"end":{"line":28,"column":29}}]},"2":{"line":30,"type":"binary-expr","locations":[{"start":{"line":30,"column":23},"end":{"line":30,"column":37}},{"start":{"line":31,"column":20},"end":{"line":31,"column":61}},{"start":{"line":32,"column":20},"end":{"line":32,"column":70}},{"start":{"line":33,"column":20},"end":{"line":33,"column":26}}]},"3":{"line":37,"type":"cond-expr","locations":[{"start":{"line":38,"column":14},"end":{"line":38,"column":20}},{"start":{"line":39,"column":14},"end":{"line":39,"column":20}}]},"4":{"line":41,"type":"binary-expr","locations":[{"start":{"line":41,"column":16},"end":{"line":41,"column":44}},{"start":{"line":41,"column":48},"end":{"line":41,"column":53}}]},"5":{"line":45,"type":"if","locations":[{"start":{"line":45,"column":8},"end":{"line":45,"column":8}},{"start":{"line":45,"column":8},"end":{"line":45,"column":8}}]}},"code":["/* istanbul instrument in package npmtest_sync */","/*jslint","    bitwise: true,","    browser: true,","    maxerr: 8,","    maxlen: 96,","    node: true,","    nomen: true,","    regexp: true,","    stupid: true","*/","(function () {","    'use strict';","    var local;","","","","    // run shared js-env code - pre-init","    (function () {","        // init local","        local = {};","        // init modeJs","        local.modeJs = (function () {","            try {","                return typeof navigator.userAgent === 'string' &&","                    typeof document.querySelector('body') === 'object' &&","                    typeof XMLHttpRequest.prototype.open === 'function' &&","                    'browser';","            } catch (errorCaughtBrowser) {","                return module.exports &&","                    typeof process.versions.node === 'string' &&","                    typeof require('http').createServer === 'function' &&","                    'node';","            }","        }());","        // init global","        local.global = local.modeJs === 'browser'","            ? window","            : global;","        // init utility2_rollup","        local = local.global.utility2_rollup || local;","        // init lib","        local.local = local.npmtest_sync = local;","        // init exports","        if (local.modeJs === 'browser') {","            local.global.utility2_npmtest_sync = local;","        } else {","            module.exports = local;","            module.exports.__dirname = __dirname;","            module.exports.module = module;","        }","    }());","}());",""],"l":{"12":2,"14":2,"19":2,"21":2,"23":2,"24":2,"25":2,"30":1,"37":2,"41":2,"43":2,"45":2,"46":1,"48":1,"49":1,"50":1}},"/home/travis/build/npmtest/node-npmtest-sync/example.js":{"path":"/home/travis/build/npmtest/node-npmtest-sync/example.js","s":{"1":2,"2":2,"3":2,"4":2,"5":2,"6":2,"7":2,"8":1,"9":2,"10":2,"11":2,"12":2,"13":1,"14":2,"15":2,"16":2,"17":2,"18":2,"19":0,"20":2,"21":1,"22":1,"23":1,"24":1,"25":1,"26":0,"27":0,"28":1,"29":1,"30":2,"31":0,"32":0,"33":0,"34":1,"35":2,"36":2,"37":3,"38":3,"39":3,"40":3,"41":0,"42":3,"43":3,"44":3,"45":1,"46":3,"47":1,"48":1,"49":1,"50":1,"51":1,"52":1,"53":1,"54":1,"55":1,"56":1,"57":0,"58":1,"59":6,"60":6,"61":1,"62":2,"63":0,"64":2,"65":1,"66":1,"67":0,"68":0,"69":0,"70":0,"71":0,"72":0,"73":0,"74":0,"75":0,"76":0,"77":0,"78":0,"79":0,"80":0,"81":0,"82":0,"83":0},"b":{"1":[2,1,1,1],"2":[1,1,1,1],"3":[1,1],"4":[2,2],"5":[1,1],"6":[1,1],"7":[2,0],"8":[2,1,1,1,1,1],"9":[0,2,0],"10":[1,1],"11":[2,1,1],"12":[1,0],"13":[0,2],"14":[2,0,0,0,0,0,0],"15":[0,3],"16":[3,0],"17":[1,1],"18":[0,1],"19":[1,2,0,2],"20":[1,0],"21":[1,1],"22":[0,0],"23":[0,0],"24":[0,0],"25":[0,0],"26":[0,0],"27":[0,0],"28":[0,0]},"f":{"1":2,"2":2,"3":2,"4":2,"5":2,"6":2,"7":3,"8":3,"9":3,"10":1,"11":6,"12":0},"fnMap":{"1":{"name":"(anonymous_1)","line":26,"loc":{"start":{"line":26,"column":1},"end":{"line":26,"column":13}}},"2":{"name":"(anonymous_2)","line":33,"loc":{"start":{"line":33,"column":5},"end":{"line":33,"column":17}}},"3":{"name":"(anonymous_3)","line":37,"loc":{"start":{"line":37,"column":24},"end":{"line":37,"column":36}}},"4":{"name":"(anonymous_4)","line":69,"loc":{"start":{"line":69,"column":31},"end":{"line":69,"column":48}},"skip":true},"5":{"name":"(anonymous_5)","line":78,"loc":{"start":{"line":78,"column":26},"end":{"line":78,"column":45}},"skip":true},"6":{"name":"(anonymous_6)","line":123,"loc":{"start":{"line":123,"column":33},"end":{"line":123,"column":48}},"skip":true},"7":{"name":"(anonymous_7)","line":125,"loc":{"start":{"line":125,"column":27},"end":{"line":125,"column":39}},"skip":true},"8":{"name":"(anonymous_8)","line":133,"loc":{"start":{"line":133,"column":59},"end":{"line":133,"column":74}},"skip":true},"9":{"name":"(anonymous_9)","line":143,"loc":{"start":{"line":143,"column":45},"end":{"line":143,"column":62}},"skip":true},"10":{"name":"(anonymous_10)","line":144,"loc":{"start":{"line":144,"column":73},"end":{"line":144,"column":92}},"skip":true},"11":{"name":"(anonymous_11)","line":272,"loc":{"start":{"line":272,"column":51},"end":{"line":272,"column":77}},"skip":true},"12":{"name":"(anonymous_12)","line":315,"loc":{"start":{"line":315,"column":32},"end":{"line":315,"column":61}},"skip":true}},"statementMap":{"1":{"start":{"line":26,"column":0},"end":{"line":326,"column":5}},"2":{"start":{"line":28,"column":4},"end":{"line":28,"column":14}},"3":{"start":{"line":33,"column":4},"end":{"line":60,"column":9}},"4":{"start":{"line":35,"column":8},"end":{"line":35,"column":19}},"5":{"start":{"line":37,"column":8},"end":{"line":49,"column":13}},"6":{"start":{"line":38,"column":12},"end":{"line":48,"column":13}},"7":{"start":{"line":39,"column":16},"end":{"line":42,"column":30}},"8":{"start":{"line":44,"column":16},"end":{"line":47,"column":27}},"9":{"start":{"line":51,"column":8},"end":{"line":53,"column":21}},"10":{"start":{"line":55,"column":8},"end":{"line":57,"column":45}},"11":{"start":{"line":59,"column":8},"end":{"line":59,"column":35}},"12":{"start":{"line":61,"column":4},"end":{"line":325,"column":5}},"13":{"start":{"line":69,"column":8},"end":{"line":121,"column":10},"skip":true},"14":{"start":{"line":70,"column":12},"end":{"line":88,"column":13},"skip":true},"15":{"start":{"line":76,"column":16},"end":{"line":87,"column":19},"skip":true},"16":{"start":{"line":79,"column":20},"end":{"line":86,"column":21},"skip":true},"17":{"start":{"line":82,"column":24},"end":{"line":82,"column":43},"skip":true},"18":{"start":{"line":83,"column":24},"end":{"line":83,"column":30},"skip":true},"19":{"start":{"line":85,"column":24},"end":{"line":85,"column":49},"skip":true},"20":{"start":{"line":89,"column":12},"end":{"line":107,"column":13},"skip":true},"21":{"start":{"line":92,"column":16},"end":{"line":102,"column":17},"skip":true},"22":{"start":{"line":93,"column":20},"end":{"line":93,"column":86},"skip":true},"23":{"start":{"line":94,"column":20},"end":{"line":95,"column":45},"skip":true},"24":{"start":{"line":96,"column":20},"end":{"line":96,"column":42},"skip":true},"25":{"start":{"line":97,"column":20},"end":{"line":97,"column":48},"skip":true},"26":{"start":{"line":100,"column":20},"end":{"line":100,"column":85},"skip":true},"27":{"start":{"line":101,"column":20},"end":{"line":101,"column":96},"skip":true},"28":{"start":{"line":103,"column":16},"end":{"line":103,"column":22},"skip":true},"29":{"start":{"line":106,"column":16},"end":{"line":106,"column":22},"skip":true},"30":{"start":{"line":108,"column":12},"end":{"line":120,"column":13},"skip":true},"31":{"start":{"line":114,"column":16},"end":{"line":119,"column":17},"skip":true},"32":{"start":{"line":116,"column":20},"end":{"line":116,"column":78},"skip":true},"33":{"start":{"line":118,"column":20},"end":{"line":118,"column":47},"skip":true},"34":{"start":{"line":123,"column":8},"end":{"line":141,"column":11},"skip":true},"35":{"start":{"line":124,"column":12},"end":{"line":124,"column":54},"skip":true},"36":{"start":{"line":125,"column":12},"end":{"line":140,"column":14},"skip":true},"37":{"start":{"line":126,"column":16},"end":{"line":126,"column":28},"skip":true},"38":{"start":{"line":127,"column":16},"end":{"line":127,"column":69},"skip":true},"39":{"start":{"line":128,"column":16},"end":{"line":128,"column":75},"skip":true},"40":{"start":{"line":129,"column":16},"end":{"line":131,"column":17},"skip":true},"41":{"start":{"line":130,"column":20},"end":{"line":130,"column":27},"skip":true},"42":{"start":{"line":133,"column":16},"end":{"line":137,"column":36},"skip":true},"43":{"start":{"line":134,"column":20},"end":{"line":136,"column":55},"skip":true},"44":{"start":{"line":139,"column":16},"end":{"line":139,"column":57},"skip":true},"45":{"start":{"line":143,"column":8},"end":{"line":147,"column":11},"skip":true},"46":{"start":{"line":144,"column":12},"end":{"line":146,"column":15},"skip":true},"47":{"start":{"line":145,"column":16},"end":{"line":145,"column":70},"skip":true},"48":{"start":{"line":149,"column":8},"end":{"line":149,"column":31},"skip":true},"49":{"start":{"line":150,"column":8},"end":{"line":150,"column":14},"skip":true},"50":{"start":{"line":158,"column":8},"end":{"line":158,"column":31},"skip":true},"51":{"start":{"line":160,"column":8},"end":{"line":160,"column":33},"skip":true},"52":{"start":{"line":161,"column":8},"end":{"line":161,"column":37},"skip":true},"53":{"start":{"line":162,"column":8},"end":{"line":162,"column":35},"skip":true},"54":{"start":{"line":164,"column":8},"end":{"line":164,"column":50},"skip":true},"55":{"start":{"line":166,"column":8},"end":{"line":256,"column":2},"skip":true},"56":{"start":{"line":258,"column":8},"end":{"line":286,"column":9},"skip":true},"57":{"start":{"line":259,"column":12},"end":{"line":269,"column":14},"skip":true},"58":{"start":{"line":271,"column":12},"end":{"line":285,"column":19},"skip":true},"59":{"start":{"line":274,"column":20},"end":{"line":274,"column":35},"skip":true},"60":{"start":{"line":275,"column":20},"end":{"line":284,"column":21},"skip":true},"61":{"start":{"line":277,"column":24},"end":{"line":277,"column":64},"skip":true},"62":{"start":{"line":279,"column":24},"end":{"line":279,"column":40},"skip":true},"63":{"start":{"line":281,"column":24},"end":{"line":281,"column":40},"skip":true},"64":{"start":{"line":283,"column":24},"end":{"line":283,"column":39},"skip":true},"65":{"start":{"line":288,"column":8},"end":{"line":290,"column":9},"skip":true},"66":{"start":{"line":289,"column":12},"end":{"line":289,"column":18},"skip":true},"67":{"start":{"line":291,"column":8},"end":{"line":293,"column":54},"skip":true},"68":{"start":{"line":296,"column":8},"end":{"line":301,"column":37},"skip":true},"69":{"start":{"line":303,"column":8},"end":{"line":303,"column":82},"skip":true},"70":{"start":{"line":306,"column":8},"end":{"line":308,"column":9},"skip":true},"71":{"start":{"line":307,"column":12},"end":{"line":307,"column":82},"skip":true},"72":{"start":{"line":310,"column":8},"end":{"line":312,"column":9},"skip":true},"73":{"start":{"line":311,"column":12},"end":{"line":311,"column":18},"skip":true},"74":{"start":{"line":313,"column":8},"end":{"line":313,"column":54},"skip":true},"75":{"start":{"line":314,"column":8},"end":{"line":314,"column":69},"skip":true},"76":{"start":{"line":315,"column":8},"end":{"line":323,"column":36},"skip":true},"77":{"start":{"line":316,"column":12},"end":{"line":316,"column":61},"skip":true},"78":{"start":{"line":317,"column":12},"end":{"line":320,"column":13},"skip":true},"79":{"start":{"line":318,"column":16},"end":{"line":318,"column":75},"skip":true},"80":{"start":{"line":319,"column":16},"end":{"line":319,"column":23},"skip":true},"81":{"start":{"line":321,"column":12},"end":{"line":321,"column":38},"skip":true},"82":{"start":{"line":322,"column":12},"end":{"line":322,"column":27},"skip":true},"83":{"start":{"line":324,"column":8},"end":{"line":324,"column":14},"skip":true}},"branchMap":{"1":{"line":39,"type":"binary-expr","locations":[{"start":{"line":39,"column":23},"end":{"line":39,"column":62}},{"start":{"line":40,"column":20},"end":{"line":40,"column":70}},{"start":{"line":41,"column":20},"end":{"line":41,"column":71}},{"start":{"line":42,"column":20},"end":{"line":42,"column":29}}]},"2":{"line":44,"type":"binary-expr","locations":[{"start":{"line":44,"column":23},"end":{"line":44,"column":37}},{"start":{"line":45,"column":20},"end":{"line":45,"column":61}},{"start":{"line":46,"column":20},"end":{"line":46,"column":70}},{"start":{"line":47,"column":20},"end":{"line":47,"column":26}}]},"3":{"line":51,"type":"cond-expr","locations":[{"start":{"line":52,"column":14},"end":{"line":52,"column":20}},{"start":{"line":53,"column":14},"end":{"line":53,"column":20}}]},"4":{"line":55,"type":"binary-expr","locations":[{"start":{"line":55,"column":16},"end":{"line":55,"column":44}},{"start":{"line":55,"column":49},"end":{"line":57,"column":43}}]},"5":{"line":55,"type":"cond-expr","locations":[{"start":{"line":56,"column":14},"end":{"line":56,"column":48}},{"start":{"line":57,"column":14},"end":{"line":57,"column":43}}]},"6":{"line":61,"type":"switch","locations":[{"start":{"line":68,"column":4},"end":{"line":150,"column":14},"skip":true},{"start":{"line":156,"column":4},"end":{"line":324,"column":14},"skip":true}]},"7":{"line":70,"type":"if","locations":[{"start":{"line":70,"column":12},"end":{"line":70,"column":12},"skip":true},{"start":{"line":70,"column":12},"end":{"line":70,"column":12},"skip":true}]},"8":{"line":70,"type":"binary-expr","locations":[{"start":{"line":70,"column":16},"end":{"line":70,"column":22},"skip":true},{"start":{"line":70,"column":27},"end":{"line":70,"column":32},"skip":true},{"start":{"line":71,"column":20},"end":{"line":71,"column":39},"skip":true},{"start":{"line":72,"column":20},"end":{"line":72,"column":49},"skip":true},{"start":{"line":73,"column":20},"end":{"line":73,"column":58},"skip":true},{"start":{"line":74,"column":20},"end":{"line":74,"column":69},"skip":true}]},"9":{"line":79,"type":"switch","locations":[{"start":{"line":80,"column":20},"end":{"line":80,"column":33},"skip":true},{"start":{"line":81,"column":20},"end":{"line":83,"column":30},"skip":true},{"start":{"line":84,"column":20},"end":{"line":85,"column":49},"skip":true}]},"10":{"line":89,"type":"switch","locations":[{"start":{"line":90,"column":12},"end":{"line":103,"column":22},"skip":true},{"start":{"line":105,"column":12},"end":{"line":106,"column":22},"skip":true}]},"11":{"line":89,"type":"binary-expr","locations":[{"start":{"line":89,"column":20},"end":{"line":89,"column":25},"skip":true},{"start":{"line":89,"column":29},"end":{"line":89,"column":48},"skip":true},{"start":{"line":89,"column":52},"end":{"line":89,"column":74},"skip":true}]},"12":{"line":92,"type":"if","locations":[{"start":{"line":92,"column":16},"end":{"line":92,"column":16},"skip":true},{"start":{"line":92,"column":16},"end":{"line":92,"column":16},"skip":true}]},"13":{"line":108,"type":"if","locations":[{"start":{"line":108,"column":12},"end":{"line":108,"column":12},"skip":true},{"start":{"line":108,"column":12},"end":{"line":108,"column":12},"skip":true}]},"14":{"line":108,"type":"binary-expr","locations":[{"start":{"line":108,"column":16},"end":{"line":108,"column":61},"skip":true},{"start":{"line":108,"column":66},"end":{"line":108,"column":72},"skip":true},{"start":{"line":108,"column":77},"end":{"line":108,"column":82},"skip":true},{"start":{"line":109,"column":20},"end":{"line":109,"column":39},"skip":true},{"start":{"line":110,"column":20},"end":{"line":110,"column":49},"skip":true},{"start":{"line":111,"column":20},"end":{"line":111,"column":58},"skip":true},{"start":{"line":112,"column":20},"end":{"line":112,"column":68},"skip":true}]},"15":{"line":129,"type":"if","locations":[{"start":{"line":129,"column":16},"end":{"line":129,"column":16},"skip":true},{"start":{"line":129,"column":16},"end":{"line":129,"column":16},"skip":true}]},"16":{"line":134,"type":"cond-expr","locations":[{"start":{"line":135,"column":26},"end":{"line":135,"column":29},"skip":true},{"start":{"line":136,"column":26},"end":{"line":136,"column":54},"skip":true}]},"17":{"line":164,"type":"binary-expr","locations":[{"start":{"line":164,"column":27},"end":{"line":164,"column":43},"skip":true},{"start":{"line":164,"column":47},"end":{"line":164,"column":49},"skip":true}]},"18":{"line":258,"type":"if","locations":[{"start":{"line":258,"column":8},"end":{"line":258,"column":8},"skip":true},{"start":{"line":258,"column":8},"end":{"line":258,"column":8},"skip":true}]},"19":{"line":275,"type":"switch","locations":[{"start":{"line":276,"column":20},"end":{"line":277,"column":64},"skip":true},{"start":{"line":278,"column":20},"end":{"line":279,"column":40},"skip":true},{"start":{"line":280,"column":20},"end":{"line":281,"column":40},"skip":true},{"start":{"line":282,"column":20},"end":{"line":283,"column":39},"skip":true}]},"20":{"line":288,"type":"if","locations":[{"start":{"line":288,"column":8},"end":{"line":288,"column":8},"skip":true},{"start":{"line":288,"column":8},"end":{"line":288,"column":8},"skip":true}]},"21":{"line":288,"type":"binary-expr","locations":[{"start":{"line":288,"column":12},"end":{"line":288,"column":40},"skip":true},{"start":{"line":288,"column":44},"end":{"line":288,"column":67},"skip":true}]},"22":{"line":292,"type":"binary-expr","locations":[{"start":{"line":292,"column":12},"end":{"line":292,"column":50},"skip":true},{"start":{"line":293,"column":12},"end":{"line":293,"column":53},"skip":true}]},"23":{"line":297,"type":"binary-expr","locations":[{"start":{"line":297,"column":12},"end":{"line":297,"column":62},"skip":true},{"start":{"line":298,"column":12},"end":{"line":301,"column":36},"skip":true}]},"24":{"line":303,"type":"binary-expr","locations":[{"start":{"line":303,"column":43},"end":{"line":303,"column":75},"skip":true},{"start":{"line":303,"column":79},"end":{"line":303,"column":81},"skip":true}]},"25":{"line":306,"type":"if","locations":[{"start":{"line":306,"column":8},"end":{"line":306,"column":8},"skip":true},{"start":{"line":306,"column":8},"end":{"line":306,"column":8},"skip":true}]},"26":{"line":310,"type":"if","locations":[{"start":{"line":310,"column":8},"end":{"line":310,"column":8},"skip":true},{"start":{"line":310,"column":8},"end":{"line":310,"column":8},"skip":true}]},"27":{"line":313,"type":"binary-expr","locations":[{"start":{"line":313,"column":27},"end":{"line":313,"column":43},"skip":true},{"start":{"line":313,"column":47},"end":{"line":313,"column":53},"skip":true}]},"28":{"line":317,"type":"if","locations":[{"start":{"line":317,"column":12},"end":{"line":317,"column":12},"skip":true},{"start":{"line":317,"column":12},"end":{"line":317,"column":12},"skip":true}]}},"code":["/*","example.js","","quickstart example","","instruction","    1. save this script as example.js","    2. run the shell command:","        $ npm install npmtest-sync && PORT=8081 node example.js","    3. play with the browser-demo on http://127.0.0.1:8081","*/","","","","/* istanbul instrument in package npmtest_sync */","/*jslint","    bitwise: true,","    browser: true,","    maxerr: 8,","    maxlen: 96,","    node: true,","    nomen: true,","    regexp: true,","    stupid: true","*/","(function () {","    'use strict';","    var local;","","","","    // run shared js-env code - pre-init","    (function () {","        // init local","        local = {};","        // init modeJs","        local.modeJs = (function () {","            try {","                return typeof navigator.userAgent === 'string' &&","                    typeof document.querySelector('body') === 'object' &&","                    typeof XMLHttpRequest.prototype.open === 'function' &&","                    'browser';","            } catch (errorCaughtBrowser) {","                return module.exports &&","                    typeof process.versions.node === 'string' &&","                    typeof require('http').createServer === 'function' &&","                    'node';","            }","        }());","        // init global","        local.global = local.modeJs === 'browser'","            ? window","            : global;","        // init utility2_rollup","        local = local.global.utility2_rollup || (local.modeJs === 'browser'","            ? local.global.utility2_npmtest_sync","            : global.utility2_moduleExports);","        // export local","        local.global.local = local;","    }());","    switch (local.modeJs) {","","","","    // post-init","    // run browser js-env code - post-init","    /* istanbul ignore next */","    case 'browser':","        local.testRunBrowser = function (event) {","            if (!event || (event &&","                    event.currentTarget &&","                    event.currentTarget.className &&","                    event.currentTarget.className.includes &&","                    event.currentTarget.className.includes('onreset'))) {","                // reset output","                Array.from(","                    document.querySelectorAll('body > .resettable')","                ).forEach(function (element) {","                    switch (element.tagName) {","                    case 'INPUT':","                    case 'TEXTAREA':","                        element.value = '';","                        break;","                    default:","                        element.textContent = '';","                    }","                });","            }","            switch (event && event.currentTarget && event.currentTarget.id) {","            case 'testRunButton1':","                // show tests","                if (document.querySelector('#testReportDiv1').style.display === 'none') {","                    document.querySelector('#testReportDiv1').style.display = 'block';","                    document.querySelector('#testRunButton1').textContent =","                        'hide internal test';","                    local.modeTest = true;","                    local.testRunDefault(local);","                // hide tests","                } else {","                    document.querySelector('#testReportDiv1').style.display = 'none';","                    document.querySelector('#testRunButton1').textContent = 'run internal test';","                }","                break;","            // custom-case","            default:","                break;","            }","            if (document.querySelector('#inputTextareaEval1') && (!event || (event &&","                    event.currentTarget &&","                    event.currentTarget.className &&","                    event.currentTarget.className.includes &&","                    event.currentTarget.className.includes('oneval')))) {","                // try to eval input-code","                try {","                    /*jslint evil: true*/","                    eval(document.querySelector('#inputTextareaEval1').value);","                } catch (errorCaught) {","                    console.error(errorCaught);","                }","            }","        };","        // log stderr and stdout to #outputTextareaStdout1","        ['error', 'log'].forEach(function (key) {","            console[key + '_original'] = console[key];","            console[key] = function () {","                var element;","                console[key + '_original'].apply(console, arguments);","                element = document.querySelector('#outputTextareaStdout1');","                if (!element) {","                    return;","                }","                // append text to #outputTextareaStdout1","                element.value += Array.from(arguments).map(function (arg) {","                    return typeof arg === 'string'","                        ? arg","                        : JSON.stringify(arg, null, 4);","                }).join(' ') + '\\n';","                // scroll textarea to bottom","                element.scrollTop = element.scrollHeight;","            };","        });","        // init event-handling","        ['change', 'click', 'keyup'].forEach(function (event) {","            Array.from(document.querySelectorAll('.on' + event)).forEach(function (element) {","                element.addEventListener(event, local.testRunBrowser);","            });","        });","        // run tests","        local.testRunBrowser();","        break;","","","","    // run node js-env code - post-init","    /* istanbul ignore next */","    case 'node':","        // export local","        module.exports = local;","        // require modules","        local.fs = require('fs');","        local.http = require('http');","        local.url = require('url');","        // init assets","        local.assetsDict = local.assetsDict || {};","        /* jslint-ignore-begin */","        local.assetsDict['/assets.index.template.html'] = '\\","<!doctype html>\\n\\","<html lang=\"en\">\\n\\","<head>\\n\\","<meta charset=\"UTF-8\">\\n\\","<meta name=\"viewport\" content=\"width=device-width, initial-scale=1\">\\n\\","<title>{{env.npm_package_name}} (v{{env.npm_package_version}})</title>\\n\\","<style>\\n\\","/*csslint\\n\\","    box-sizing: false,\\n\\","    universal-selector: false\\n\\","*/\\n\\","* {\\n\\","    box-sizing: border-box;\\n\\","}\\n\\","body {\\n\\","    background: #dde;\\n\\","    font-family: Arial, Helvetica, sans-serif;\\n\\","    margin: 2rem;\\n\\","}\\n\\","body > * {\\n\\","    margin-bottom: 1rem;\\n\\","}\\n\\",".utility2FooterDiv {\\n\\","    margin-top: 20px;\\n\\","    text-align: center;\\n\\","}\\n\\","</style>\\n\\","<style>\\n\\","/*csslint\\n\\","*/\\n\\","textarea {\\n\\","    font-family: monospace;\\n\\","    height: 10rem;\\n\\","    width: 100%;\\n\\","}\\n\\","textarea[readonly] {\\n\\","    background: #ddd;\\n\\","}\\n\\","</style>\\n\\","</head>\\n\\","<body>\\n\\","<!-- utility2-comment\\n\\","<div id=\"ajaxProgressDiv1\" style=\"background: #d00; height: 2px; left: 0; margin: 0; padding: 0; position: fixed; top: 0; transition: background 0.5s, width 1.5s; width: 25%;\"></div>\\n\\","utility2-comment -->\\n\\","<h1>\\n\\","<!-- utility2-comment\\n\\","    <a\\n\\","        {{#if env.npm_package_homepage}}\\n\\","        href=\"{{env.npm_package_homepage}}\"\\n\\","        {{/if env.npm_package_homepage}}\\n\\","        target=\"_blank\"\\n\\","    >\\n\\","utility2-comment -->\\n\\","        {{env.npm_package_name}} (v{{env.npm_package_version}})\\n\\","<!-- utility2-comment\\n\\","    </a>\\n\\","utility2-comment -->\\n\\","</h1>\\n\\","<h3>{{env.npm_package_description}}</h3>\\n\\","<!-- utility2-comment\\n\\","<h4><a download href=\"assets.app.js\">download standalone app</a></h4>\\n\\","<button class=\"onclick onreset\" id=\"testRunButton1\">run internal test</button><br>\\n\\","<div id=\"testReportDiv1\" style=\"display: none;\"></div>\\n\\","utility2-comment -->\\n\\","\\n\\","\\n\\","\\n\\","<label>stderr and stdout</label>\\n\\","<textarea class=\"resettable\" id=\"outputTextareaStdout1\" readonly></textarea>\\n\\","<!-- utility2-comment\\n\\","{{#if isRollup}}\\n\\","<script src=\"assets.app.js\"></script>\\n\\","{{#unless isRollup}}\\n\\","utility2-comment -->\\n\\","<script src=\"assets.utility2.rollup.js\"></script>\\n\\","<script src=\"jsonp.utility2._stateInit?callback=window.utility2._stateInit\"></script>\\n\\","<script src=\"assets.npmtest_sync.rollup.js\"></script>\\n\\","<script src=\"assets.example.js\"></script>\\n\\","<script src=\"assets.test.js\"></script>\\n\\","<!-- utility2-comment\\n\\","{{/if isRollup}}\\n\\","utility2-comment -->\\n\\","<div class=\"utility2FooterDiv\">\\n\\","    [ this app was created with\\n\\","    <a href=\"https://github.com/kaizhu256/node-utility2\" target=\"_blank\">utility2</a>\\n\\","    ]\\n\\","</div>\\n\\","</body>\\n\\","</html>\\n\\","';","        /* jslint-ignore-end */","        if (local.templateRender) {","            local.assetsDict['/'] = local.templateRender(","                local.assetsDict['/assets.index.template.html'],","                {","                    env: local.objectSetDefault(local.env, {","                        npm_package_description: 'the greatest app in the world!',","                        npm_package_name: 'my-app',","                        npm_package_nameAlias: 'my_app',","                        npm_package_version: '0.0.1'","                    })","                }","            );","        } else {","            local.assetsDict['/'] = local.assetsDict['/assets.index.template.html']","                .replace((/\\{\\{env\\.(\\w+?)\\}\\}/g), function (match0, match1) {","                    // jslint-hack","                    String(match0);","                    switch (match1) {","                    case 'npm_package_description':","                        return 'the greatest app in the world!';","                    case 'npm_package_name':","                        return 'my-app';","                    case 'npm_package_nameAlias':","                        return 'my_app';","                    case 'npm_package_version':","                        return '0.0.1';","                    }","                });","        }","        // run the cli","        if (local.global.utility2_rollup || module !== require.main) {","            break;","        }","        local.assetsDict['/assets.example.js'] =","            local.assetsDict['/assets.example.js'] ||","            local.fs.readFileSync(__filename, 'utf8');","        // bug-workaround - long $npm_package_buildCustomOrg","        /* jslint-ignore-begin */","        local.assetsDict['/assets.npmtest_sync.rollup.js'] =","            local.assetsDict['/assets.npmtest_sync.rollup.js'] ||","            local.fs.readFileSync(","                local.npmtest_sync.__dirname + '/lib.npmtest_sync.js',","                'utf8'","            ).replace((/^#!/), '//');","        /* jslint-ignore-end */","        local.assetsDict['/favicon.ico'] = local.assetsDict['/favicon.ico'] || '';","        // if $npm_config_timeout_exit exists,","        // then exit this process after $npm_config_timeout_exit ms","        if (Number(process.env.npm_config_timeout_exit)) {","            setTimeout(process.exit, Number(process.env.npm_config_timeout_exit));","        }","        // start server","        if (local.global.utility2_serverHttp1) {","            break;","        }","        process.env.PORT = process.env.PORT || '8081';","        console.error('server starting on port ' + process.env.PORT);","        local.http.createServer(function (request, response) {","            request.urlParsed = local.url.parse(request.url);","            if (local.assetsDict[request.urlParsed.pathname] !== undefined) {","                response.end(local.assetsDict[request.urlParsed.pathname]);","                return;","            }","            response.statusCode = 404;","            response.end();","        }).listen(process.env.PORT);","        break;","    }","}());",""],"l":{"26":2,"28":2,"33":2,"35":2,"37":2,"38":2,"39":2,"44":1,"51":2,"55":2,"59":2,"61":2,"69":1,"70":2,"76":2,"79":2,"82":2,"83":2,"85":1,"89":2,"92":1,"93":1,"94":1,"96":1,"97":1,"100":1,"101":1,"103":1,"106":1,"108":2,"114":1,"116":1,"118":1,"123":1,"124":2,"125":2,"126":3,"127":3,"128":3,"129":3,"130":1,"133":3,"134":3,"139":3,"143":1,"144":3,"145":1,"149":1,"150":1,"158":1,"160":1,"161":1,"162":1,"164":1,"166":1,"258":1,"259":1,"271":1,"274":6,"275":6,"277":1,"279":2,"281":1,"283":2,"288":1,"289":1,"291":1,"296":1,"303":1,"306":1,"307":1,"310":1,"311":1,"313":1,"314":1,"315":1,"316":1,"317":1,"318":1,"319":1,"321":1,"322":1,"324":1}},"/home/travis/build/npmtest/node-npmtest-sync/node_modules/sync/lib/sync.js":{"path":"/home/travis/build/npmtest/node-npmtest-sync/node_modules/sync/lib/sync.js","s":{"1":1,"2":1,"3":0,"4":0,"5":0,"6":0,"7":0,"8":0,"9":0,"10":0,"11":0,"12":0,"13":0,"14":0,"15":0,"16":0,"17":0,"18":0,"19":0,"20":0,"21":0,"22":0,"23":0,"24":0,"25":0,"26":0,"27":1,"28":0,"29":0,"30":1,"31":1,"32":0,"33":0,"34":0,"35":0,"36":0,"37":0,"38":0,"39":0,"40":0,"41":0,"42":0,"43":0,"44":0,"45":0,"46":0,"47":0,"48":0,"49":0,"50":0,"51":0,"52":0,"53":0,"54":0,"55":0,"56":0,"57":0,"58":0,"59":0,"60":0,"61":0,"62":0,"63":0,"64":0,"65":0,"66":0,"67":0,"68":0,"69":0,"70":0,"71":0,"72":0,"73":0,"74":1,"75":0,"76":0,"77":0,"78":0,"79":0,"80":0,"81":0,"82":0,"83":0,"84":0,"85":0,"86":0,"87":0,"88":0,"89":0,"90":0,"91":0,"92":0,"93":0,"94":0,"95":0,"96":0,"97":0,"98":0,"99":0,"100":0,"101":0,"102":0,"103":0,"104":0,"105":0,"106":0,"107":0,"108":0,"109":0,"110":0,"111":0,"112":0,"113":0,"114":0,"115":0,"116":0,"117":0,"118":0,"119":0,"120":0,"121":0,"122":0,"123":0,"124":0,"125":0,"126":0,"127":0,"128":0,"129":0,"130":0,"131":0,"132":0,"133":0,"134":1,"135":1,"136":1,"137":0,"138":0,"139":0,"140":0,"141":0,"142":0,"143":1,"144":0,"145":1,"146":0,"147":0,"148":0,"149":0,"150":0,"151":0,"152":0,"153":0,"154":0,"155":0,"156":0,"157":0,"158":0,"159":0,"160":0,"161":0,"162":0,"163":0,"164":0,"165":0,"166":0,"167":1,"168":0,"169":0,"170":0,"171":0,"172":0,"173":0,"174":0,"175":0,"176":0,"177":0,"178":0,"179":0,"180":0,"181":0,"182":0,"183":1,"184":0,"185":0,"186":0,"187":0,"188":0,"189":0,"190":1,"191":0,"192":0,"193":0,"194":0,"195":0,"196":0,"197":0,"198":1,"199":0,"200":0,"201":0,"202":0,"203":0,"204":0,"205":0,"206":0,"207":0,"208":0,"209":0,"210":0,"211":0,"212":1,"213":2,"214":1,"215":0,"216":0,"217":1,"218":1},"b":{"1":[0,0],"2":[0,0],"3":[0,0],"4":[0,0],"5":[0,0],"6":[0,0],"7":[0,0],"8":[0,0],"9":[0,0],"10":[0,0],"11":[0,0],"12":[0,0],"13":[0,0],"14":[0,0,0],"15":[0,0],"16":[0,0],"17":[0,0],"18":[0,0],"19":[0,0],"20":[0,0],"21":[0,0],"22":[0,0],"23":[0,0],"24":[0,0],"25":[0,0],"26":[0,0],"27":[0,0],"28":[0,0],"29":[0,0],"30":[0,0,0],"31":[0,0],"32":[0,0],"33":[0,0],"34":[0,0],"35":[0,0],"36":[0,0],"37":[0,0],"38":[0,0],"39":[0,0],"40":[0,0],"41":[0,0],"42":[2,0],"43":[0,0]},"f":{"1":0,"2":0,"3":0,"4":0,"5":0,"6":0,"7":0,"8":0,"9":0,"10":0,"11":0,"12":0,"13":0,"14":0,"15":0,"16":0,"17":0,"18":0,"19":0,"20":0,"21":0,"22":0,"23":0,"24":0,"25":0,"26":0,"27":0,"28":0,"29":0,"30":0,"31":0,"32":0,"33":0,"34":0,"35":0,"36":0,"37":0,"38":2,"39":0},"fnMap":{"1":{"name":"(anonymous_1)","line":31,"loc":{"start":{"line":31,"column":26},"end":{"line":31,"column":56}}},"2":{"name":"(anonymous_2)","line":38,"loc":{"start":{"line":38,"column":23},"end":{"line":38,"column":75}}},"3":{"name":"Sync","line":86,"loc":{"start":{"line":86,"column":11},"end":{"line":87,"column":0}}},"4":{"name":"SyncFiber","line":106,"loc":{"start":{"line":106,"column":13},"end":{"line":107,"column":0}}},"5":{"name":"(anonymous_5)","line":116,"loc":{"start":{"line":116,"column":22},"end":{"line":116,"column":32}}},"6":{"name":"(anonymous_6)","line":140,"loc":{"start":{"line":140,"column":25},"end":{"line":140,"column":36}}},"7":{"name":"(anonymous_7)","line":145,"loc":{"start":{"line":145,"column":24},"end":{"line":145,"column":35}}},"8":{"name":"(anonymous_8)","line":158,"loc":{"start":{"line":158,"column":28},"end":{"line":158,"column":39}}},"9":{"name":"(anonymous_9)","line":165,"loc":{"start":{"line":165,"column":29},"end":{"line":165,"column":46}}},"10":{"name":"(anonymous_10)","line":171,"loc":{"start":{"line":171,"column":26},"end":{"line":171,"column":43}}},"11":{"name":"SyncFuture","line":208,"loc":{"start":{"line":208,"column":0},"end":{"line":209,"column":0}}},"12":{"name":"Future","line":230,"loc":{"start":{"line":230,"column":18},"end":{"line":231,"column":4}}},"13":{"name":"(anonymous_13)","line":265,"loc":{"start":{"line":265,"column":24},"end":{"line":265,"column":35}}},"14":{"name":"(anonymous_14)","line":269,"loc":{"start":{"line":269,"column":45},"end":{"line":269,"column":55}}},"15":{"name":"(anonymous_15)","line":280,"loc":{"start":{"line":280,"column":43},"end":{"line":280,"column":53}}},"16":{"name":"(anonymous_16)","line":284,"loc":{"start":{"line":284,"column":42},"end":{"line":284,"column":52}}},"17":{"name":"(anonymous_17)","line":297,"loc":{"start":{"line":297,"column":44},"end":{"line":297,"column":54}}},"18":{"name":"(anonymous_18)","line":301,"loc":{"start":{"line":301,"column":44},"end":{"line":301,"column":59}}},"19":{"name":"(anonymous_19)","line":319,"loc":{"start":{"line":319,"column":28},"end":{"line":319,"column":58}}},"20":{"name":"(anonymous_20)","line":342,"loc":{"start":{"line":342,"column":27},"end":{"line":343,"column":0}}},"21":{"name":"asyncFunction","line":346,"loc":{"start":{"line":346,"column":4},"end":{"line":346,"column":29}}},"22":{"name":"(anonymous_22)","line":367,"loc":{"start":{"line":367,"column":17},"end":{"line":367,"column":27}}},"23":{"name":"(anonymous_23)","line":378,"loc":{"start":{"line":378,"column":26},"end":{"line":378,"column":37}}},"24":{"name":"(anonymous_24)","line":382,"loc":{"start":{"line":382,"column":25},"end":{"line":382,"column":39}}},"25":{"name":"(anonymous_25)","line":389,"loc":{"start":{"line":389,"column":29},"end":{"line":389,"column":40}}},"26":{"name":"(anonymous_26)","line":405,"loc":{"start":{"line":405,"column":37},"end":{"line":405,"column":50}}},"27":{"name":"(anonymous_27)","line":409,"loc":{"start":{"line":409,"column":15},"end":{"line":409,"column":40}}},"28":{"name":"(anonymous_28)","line":410,"loc":{"start":{"line":410,"column":43},"end":{"line":410,"column":64}}},"29":{"name":"(anonymous_29)","line":418,"loc":{"start":{"line":418,"column":15},"end":{"line":418,"column":45}}},"30":{"name":"(anonymous_30)","line":419,"loc":{"start":{"line":419,"column":48},"end":{"line":419,"column":69}}},"31":{"name":"(anonymous_31)","line":430,"loc":{"start":{"line":430,"column":13},"end":{"line":431,"column":0}}},"32":{"name":"(anonymous_32)","line":437,"loc":{"start":{"line":437,"column":15},"end":{"line":437,"column":25}}},"33":{"name":"(anonymous_33)","line":447,"loc":{"start":{"line":447,"column":11},"end":{"line":448,"column":0}}},"34":{"name":"(anonymous_34)","line":460,"loc":{"start":{"line":460,"column":12},"end":{"line":460,"column":23}}},"35":{"name":"(anonymous_35)","line":469,"loc":{"start":{"line":469,"column":32},"end":{"line":469,"column":43}}},"36":{"name":"(anonymous_36)","line":470,"loc":{"start":{"line":470,"column":27},"end":{"line":470,"column":38}}},"37":{"name":"(anonymous_37)","line":471,"loc":{"start":{"line":471,"column":17},"end":{"line":471,"column":27}}},"38":{"name":"(anonymous_38)","line":489,"loc":{"start":{"line":489,"column":31},"end":{"line":489,"column":42}}},"39":{"name":"(anonymous_39)","line":494,"loc":{"start":{"line":494,"column":19},"end":{"line":494,"column":30}}}},"statementMap":{"1":{"start":{"line":24,"column":0},"end":{"line":24,"column":30}},"2":{"start":{"line":31,"column":0},"end":{"line":81,"column":1}},"3":{"start":{"line":33,"column":4},"end":{"line":35,"column":24}},"4":{"start":{"line":38,"column":4},"end":{"line":59,"column":5}},"5":{"start":{"line":40,"column":8},"end":{"line":40,"column":40}},"6":{"start":{"line":40,"column":33},"end":{"line":40,"column":40}},"7":{"start":{"line":41,"column":8},"end":{"line":41,"column":35}},"8":{"start":{"line":43,"column":8},"end":{"line":55,"column":9}},"9":{"start":{"line":44,"column":12},"end":{"line":44,"column":32}},"10":{"start":{"line":46,"column":13},"end":{"line":55,"column":9}},"11":{"start":{"line":48,"column":12},"end":{"line":48,"column":24}},"12":{"start":{"line":49,"column":12},"end":{"line":51,"column":13}},"13":{"start":{"line":50,"column":16},"end":{"line":50,"column":42}},"14":{"start":{"line":54,"column":12},"end":{"line":54,"column":36}},"15":{"start":{"line":58,"column":8},"end":{"line":58,"column":33}},"16":{"start":{"line":58,"column":21},"end":{"line":58,"column":33}},"17":{"start":{"line":63,"column":4},"end":{"line":65,"column":5}},"18":{"start":{"line":64,"column":8},"end":{"line":64,"column":32}},"19":{"start":{"line":66,"column":4},"end":{"line":66,"column":28}},"20":{"start":{"line":69,"column":4},"end":{"line":69,"column":26}},"21":{"start":{"line":72,"column":4},"end":{"line":75,"column":5}},"22":{"start":{"line":73,"column":8},"end":{"line":73,"column":23}},"23":{"start":{"line":74,"column":8},"end":{"line":74,"column":22}},"24":{"start":{"line":78,"column":4},"end":{"line":78,"column":23}},"25":{"start":{"line":78,"column":13},"end":{"line":78,"column":23}},"26":{"start":{"line":80,"column":4},"end":{"line":80,"column":18}},"27":{"start":{"line":86,"column":0},"end":{"line":93,"column":1}},"28":{"start":{"line":88,"column":4},"end":{"line":90,"column":5}},"29":{"start":{"line":89,"column":8},"end":{"line":89,"column":40}},"30":{"start":{"line":95,"column":0},"end":{"line":100,"column":1}},"31":{"start":{"line":106,"column":0},"end":{"line":203,"column":1}},"32":{"start":{"line":108,"column":4},"end":{"line":108,"column":31}},"33":{"start":{"line":109,"column":4},"end":{"line":109,"column":28}},"34":{"start":{"line":111,"column":4},"end":{"line":111,"column":33}},"35":{"start":{"line":112,"column":4},"end":{"line":114,"column":5}},"36":{"start":{"line":113,"column":8},"end":{"line":113,"column":50}},"37":{"start":{"line":116,"column":4},"end":{"line":200,"column":7}},"38":{"start":{"line":118,"column":8},"end":{"line":118,"column":33}},"39":{"start":{"line":120,"column":8},"end":{"line":122,"column":18}},"40":{"start":{"line":125,"column":8},"end":{"line":125,"column":41}},"41":{"start":{"line":128,"column":8},"end":{"line":128,"column":34}},"42":{"start":{"line":131,"column":8},"end":{"line":131,"column":38}},"43":{"start":{"line":134,"column":8},"end":{"line":134,"column":25}},"44":{"start":{"line":137,"column":8},"end":{"line":137,"column":30}},"45":{"start":{"line":140,"column":8},"end":{"line":142,"column":9}},"46":{"start":{"line":141,"column":12},"end":{"line":141,"column":39}},"47":{"start":{"line":145,"column":8},"end":{"line":148,"column":9}},"48":{"start":{"line":146,"column":12},"end":{"line":147,"column":35}},"49":{"start":{"line":151,"column":8},"end":{"line":153,"column":9}},"50":{"start":{"line":152,"column":12},"end":{"line":152,"column":49}},"51":{"start":{"line":156,"column":8},"end":{"line":156,"column":27}},"52":{"start":{"line":158,"column":8},"end":{"line":163,"column":9}},"53":{"start":{"line":159,"column":12},"end":{"line":159,"column":29}},"54":{"start":{"line":160,"column":12},"end":{"line":161,"column":59}},"55":{"start":{"line":161,"column":16},"end":{"line":161,"column":59}},"56":{"start":{"line":162,"column":12},"end":{"line":162,"column":27}},"57":{"start":{"line":165,"column":8},"end":{"line":169,"column":9}},"58":{"start":{"line":166,"column":12},"end":{"line":166,"column":54}},"59":{"start":{"line":167,"column":12},"end":{"line":168,"column":47}},"60":{"start":{"line":168,"column":16},"end":{"line":168,"column":47}},"61":{"start":{"line":171,"column":8},"end":{"line":173,"column":9}},"62":{"start":{"line":172,"column":12},"end":{"line":172,"column":39}},"63":{"start":{"line":176,"column":8},"end":{"line":184,"column":9}},"64":{"start":{"line":178,"column":12},"end":{"line":178,"column":39}},"65":{"start":{"line":180,"column":12},"end":{"line":180,"column":32}},"66":{"start":{"line":183,"column":12},"end":{"line":183,"column":22}},"67":{"start":{"line":186,"column":8},"end":{"line":186,"column":33}},"68":{"start":{"line":189,"column":8},"end":{"line":198,"column":9}},"69":{"start":{"line":190,"column":12},"end":{"line":190,"column":36}},"70":{"start":{"line":192,"column":13},"end":{"line":198,"column":9}},"71":{"start":{"line":193,"column":12},"end":{"line":193,"column":35}},"72":{"start":{"line":195,"column":13},"end":{"line":198,"column":9}},"73":{"start":{"line":202,"column":4},"end":{"line":202,"column":16}},"74":{"start":{"line":208,"column":0},"end":{"line":309,"column":1}},"75":{"start":{"line":210,"column":4},"end":{"line":210,"column":20}},"76":{"start":{"line":212,"column":4},"end":{"line":212,"column":26}},"77":{"start":{"line":213,"column":4},"end":{"line":213,"column":31}},"78":{"start":{"line":214,"column":4},"end":{"line":214,"column":26}},"79":{"start":{"line":215,"column":4},"end":{"line":215,"column":27}},"80":{"start":{"line":216,"column":4},"end":{"line":216,"column":21}},"81":{"start":{"line":218,"column":4},"end":{"line":218,"column":27}},"82":{"start":{"line":219,"column":4},"end":{"line":219,"column":29}},"83":{"start":{"line":220,"column":4},"end":{"line":220,"column":23}},"84":{"start":{"line":221,"column":4},"end":{"line":221,"column":28}},"85":{"start":{"line":223,"column":4},"end":{"line":223,"column":29}},"86":{"start":{"line":224,"column":4},"end":{"line":224,"column":30}},"87":{"start":{"line":227,"column":4},"end":{"line":227,"column":36}},"88":{"start":{"line":228,"column":4},"end":{"line":228,"column":65}},"89":{"start":{"line":230,"column":4},"end":{"line":261,"column":5}},"90":{"start":{"line":233,"column":8},"end":{"line":233,"column":59}},"91":{"start":{"line":233,"column":29},"end":{"line":233,"column":59}},"92":{"start":{"line":235,"column":8},"end":{"line":235,"column":43}},"93":{"start":{"line":238,"column":8},"end":{"line":238,"column":34}},"94":{"start":{"line":238,"column":27},"end":{"line":238,"column":34}},"95":{"start":{"line":239,"column":8},"end":{"line":239,"column":29}},"96":{"start":{"line":242,"column":8},"end":{"line":242,"column":31}},"97":{"start":{"line":243,"column":8},"end":{"line":248,"column":9}},"98":{"start":{"line":244,"column":12},"end":{"line":244,"column":30}},"99":{"start":{"line":247,"column":12},"end":{"line":247,"column":40}},"100":{"start":{"line":251,"column":8},"end":{"line":251,"column":45}},"101":{"start":{"line":252,"column":8},"end":{"line":252,"column":34}},"102":{"start":{"line":254,"column":8},"end":{"line":260,"column":9}},"103":{"start":{"line":255,"column":12},"end":{"line":255,"column":34}},"104":{"start":{"line":256,"column":12},"end":{"line":256,"column":29}},"105":{"start":{"line":258,"column":13},"end":{"line":260,"column":9}},"106":{"start":{"line":259,"column":12},"end":{"line":259,"column":30}},"107":{"start":{"line":263,"column":4},"end":{"line":263,"column":33}},"108":{"start":{"line":265,"column":4},"end":{"line":278,"column":5}},"109":{"start":{"line":266,"column":8},"end":{"line":275,"column":9}},"110":{"start":{"line":267,"column":12},"end":{"line":267,"column":33}},"111":{"start":{"line":268,"column":12},"end":{"line":273,"column":13}},"112":{"start":{"line":269,"column":16},"end":{"line":272,"column":32}},"113":{"start":{"line":270,"column":20},"end":{"line":270,"column":103}},"114":{"start":{"line":271,"column":20},"end":{"line":271,"column":51}},"115":{"start":{"line":274,"column":12},"end":{"line":274,"column":26}},"116":{"start":{"line":276,"column":8},"end":{"line":276,"column":43}},"117":{"start":{"line":276,"column":25},"end":{"line":276,"column":43}},"118":{"start":{"line":277,"column":8},"end":{"line":277,"column":28}},"119":{"start":{"line":280,"column":4},"end":{"line":282,"column":7}},"120":{"start":{"line":281,"column":8},"end":{"line":281,"column":28}},"121":{"start":{"line":284,"column":4},"end":{"line":295,"column":7}},"122":{"start":{"line":285,"column":8},"end":{"line":287,"column":9}},"123":{"start":{"line":286,"column":12},"end":{"line":286,"column":31}},"124":{"start":{"line":288,"column":8},"end":{"line":293,"column":9}},"125":{"start":{"line":289,"column":12},"end":{"line":289,"column":24}},"126":{"start":{"line":292,"column":12},"end":{"line":292,"column":21}},"127":{"start":{"line":294,"column":8},"end":{"line":294,"column":20}},"128":{"start":{"line":297,"column":4},"end":{"line":299,"column":7}},"129":{"start":{"line":298,"column":8},"end":{"line":298,"column":28}},"130":{"start":{"line":301,"column":4},"end":{"line":303,"column":7}},"131":{"start":{"line":302,"column":8},"end":{"line":302,"column":29}},"132":{"start":{"line":306,"column":4},"end":{"line":306,"column":38}},"133":{"start":{"line":308,"column":4},"end":{"line":308,"column":23}},"134":{"start":{"line":311,"column":0},"end":{"line":311,"column":42}},"135":{"start":{"line":312,"column":0},"end":{"line":312,"column":25}},"136":{"start":{"line":319,"column":0},"end":{"line":336,"column":1}},"137":{"start":{"line":321,"column":4},"end":{"line":322,"column":34}},"138":{"start":{"line":326,"column":4},"end":{"line":328,"column":5}},"139":{"start":{"line":327,"column":8},"end":{"line":327,"column":32}},"140":{"start":{"line":330,"column":4},"end":{"line":330,"column":22}},"141":{"start":{"line":333,"column":4},"end":{"line":333,"column":24}},"142":{"start":{"line":335,"column":4},"end":{"line":335,"column":18}},"143":{"start":{"line":342,"column":0},"end":{"line":394,"column":1}},"144":{"start":{"line":344,"column":4},"end":{"line":344,"column":41}},"145":{"start":{"line":346,"column":4},"end":{"line":375,"column":5}},"146":{"start":{"line":350,"column":8},"end":{"line":352,"column":9}},"147":{"start":{"line":351,"column":12},"end":{"line":351,"column":36}},"148":{"start":{"line":354,"column":8},"end":{"line":356,"column":25}},"149":{"start":{"line":358,"column":8},"end":{"line":361,"column":9}},"150":{"start":{"line":359,"column":12},"end":{"line":359,"column":26}},"151":{"start":{"line":360,"column":12},"end":{"line":360,"column":45}},"152":{"start":{"line":360,"column":31},"end":{"line":360,"column":45}},"153":{"start":{"line":363,"column":8},"end":{"line":363,"column":47}},"154":{"start":{"line":366,"column":8},"end":{"line":374,"column":9}},"155":{"start":{"line":367,"column":12},"end":{"line":369,"column":19}},"156":{"start":{"line":368,"column":16},"end":{"line":368,"column":43}},"157":{"start":{"line":373,"column":12},"end":{"line":373,"column":39}},"158":{"start":{"line":378,"column":4},"end":{"line":380,"column":5}},"159":{"start":{"line":379,"column":8},"end":{"line":379,"column":29}},"160":{"start":{"line":382,"column":4},"end":{"line":387,"column":5}},"161":{"start":{"line":383,"column":8},"end":{"line":385,"column":9}},"162":{"start":{"line":384,"column":12},"end":{"line":384,"column":36}},"163":{"start":{"line":386,"column":8},"end":{"line":386,"column":54}},"164":{"start":{"line":389,"column":4},"end":{"line":391,"column":2}},"165":{"start":{"line":390,"column":2},"end":{"line":390,"column":25}},"166":{"start":{"line":393,"column":4},"end":{"line":393,"column":25}},"167":{"start":{"line":405,"column":0},"end":{"line":425,"column":1}},"168":{"start":{"line":406,"column":4},"end":{"line":406,"column":29}},"169":{"start":{"line":408,"column":4},"end":{"line":424,"column":5}},"170":{"start":{"line":409,"column":8},"end":{"line":414,"column":9}},"171":{"start":{"line":410,"column":12},"end":{"line":413,"column":15}},"172":{"start":{"line":411,"column":16},"end":{"line":411,"column":42}},"173":{"start":{"line":411,"column":25},"end":{"line":411,"column":42}},"174":{"start":{"line":412,"column":16},"end":{"line":412,"column":44}},"175":{"start":{"line":412,"column":37},"end":{"line":412,"column":44}},"176":{"start":{"line":417,"column":9},"end":{"line":424,"column":5}},"177":{"start":{"line":418,"column":8},"end":{"line":423,"column":9}},"178":{"start":{"line":419,"column":12},"end":{"line":422,"column":15}},"179":{"start":{"line":420,"column":16},"end":{"line":420,"column":42}},"180":{"start":{"line":420,"column":25},"end":{"line":420,"column":42}},"181":{"start":{"line":421,"column":16},"end":{"line":421,"column":44}},"182":{"start":{"line":421,"column":37},"end":{"line":421,"column":44}},"183":{"start":{"line":430,"column":0},"end":{"line":442,"column":1}},"184":{"start":{"line":432,"column":4},"end":{"line":432,"column":30}},"185":{"start":{"line":433,"column":4},"end":{"line":435,"column":5}},"186":{"start":{"line":434,"column":8},"end":{"line":434,"column":75}},"187":{"start":{"line":437,"column":4},"end":{"line":439,"column":11}},"188":{"start":{"line":438,"column":8},"end":{"line":438,"column":20}},"189":{"start":{"line":441,"column":4},"end":{"line":441,"column":18}},"190":{"start":{"line":447,"column":0},"end":{"line":455,"column":1}},"191":{"start":{"line":449,"column":4},"end":{"line":449,"column":52}},"192":{"start":{"line":449,"column":13},"end":{"line":449,"column":52}},"193":{"start":{"line":450,"column":4},"end":{"line":453,"column":5}},"194":{"start":{"line":451,"column":8},"end":{"line":451,"column":41}},"195":{"start":{"line":451,"column":34},"end":{"line":451,"column":41}},"196":{"start":{"line":452,"column":8},"end":{"line":452,"column":35}},"197":{"start":{"line":454,"column":4},"end":{"line":454,"column":58}},"198":{"start":{"line":460,"column":0},"end":{"line":486,"column":2}},"199":{"start":{"line":462,"column":4},"end":{"line":462,"column":31}},"200":{"start":{"line":465,"column":4},"end":{"line":465,"column":46}},"201":{"start":{"line":468,"column":4},"end":{"line":468,"column":26}},"202":{"start":{"line":469,"column":4},"end":{"line":476,"column":6}},"203":{"start":{"line":470,"column":8},"end":{"line":475,"column":10}},"204":{"start":{"line":471,"column":12},"end":{"line":474,"column":24}},"205":{"start":{"line":472,"column":16},"end":{"line":472,"column":51}},"206":{"start":{"line":473,"column":16},"end":{"line":473,"column":21}},"207":{"start":{"line":477,"column":4},"end":{"line":477,"column":37}},"208":{"start":{"line":478,"column":4},"end":{"line":480,"column":5}},"209":{"start":{"line":479,"column":8},"end":{"line":479,"column":48}},"210":{"start":{"line":483,"column":4},"end":{"line":483,"column":26}},"211":{"start":{"line":485,"column":4},"end":{"line":485,"column":13}},"212":{"start":{"line":489,"column":0},"end":{"line":491,"column":2}},"213":{"start":{"line":490,"column":4},"end":{"line":490,"column":48}},"214":{"start":{"line":494,"column":0},"end":{"line":498,"column":1}},"215":{"start":{"line":495,"column":4},"end":{"line":497,"column":5}},"216":{"start":{"line":496,"column":8},"end":{"line":496,"column":36}},"217":{"start":{"line":501,"column":0},"end":{"line":501,"column":20}},"218":{"start":{"line":503,"column":0},"end":{"line":503,"column":32}}},"branchMap":{"1":{"line":40,"type":"if","locations":[{"start":{"line":40,"column":8},"end":{"line":40,"column":8}},{"start":{"line":40,"column":8},"end":{"line":40,"column":8}}]},"2":{"line":43,"type":"if","locations":[{"start":{"line":43,"column":8},"end":{"line":43,"column":8}},{"start":{"line":43,"column":8},"end":{"line":43,"column":8}}]},"3":{"line":46,"type":"if","locations":[{"start":{"line":46,"column":13},"end":{"line":46,"column":13}},{"start":{"line":46,"column":13},"end":{"line":46,"column":13}}]},"4":{"line":58,"type":"if","locations":[{"start":{"line":58,"column":8},"end":{"line":58,"column":8}},{"start":{"line":58,"column":8},"end":{"line":58,"column":8}}]},"5":{"line":72,"type":"if","locations":[{"start":{"line":72,"column":4},"end":{"line":72,"column":4}},{"start":{"line":72,"column":4},"end":{"line":72,"column":4}}]},"6":{"line":78,"type":"if","locations":[{"start":{"line":78,"column":4},"end":{"line":78,"column":4}},{"start":{"line":78,"column":4},"end":{"line":78,"column":4}}]},"7":{"line":88,"type":"if","locations":[{"start":{"line":88,"column":4},"end":{"line":88,"column":4}},{"start":{"line":88,"column":4},"end":{"line":88,"column":4}}]},"8":{"line":112,"type":"if","locations":[{"start":{"line":112,"column":4},"end":{"line":112,"column":4}},{"start":{"line":112,"column":4},"end":{"line":112,"column":4}}]},"9":{"line":146,"type":"cond-expr","locations":[{"start":{"line":146,"column":35},"end":{"line":146,"column":65}},{"start":{"line":146,"column":68},"end":{"line":146,"column":70}}]},"10":{"line":151,"type":"if","locations":[{"start":{"line":151,"column":8},"end":{"line":151,"column":8}},{"start":{"line":151,"column":8},"end":{"line":151,"column":8}}]},"11":{"line":167,"type":"if","locations":[{"start":{"line":167,"column":12},"end":{"line":167,"column":12}},{"start":{"line":167,"column":12},"end":{"line":167,"column":12}}]},"12":{"line":189,"type":"if","locations":[{"start":{"line":189,"column":8},"end":{"line":189,"column":8}},{"start":{"line":189,"column":8},"end":{"line":189,"column":8}}]},"13":{"line":192,"type":"if","locations":[{"start":{"line":192,"column":13},"end":{"line":192,"column":13}},{"start":{"line":192,"column":13},"end":{"line":192,"column":13}}]},"14":{"line":192,"type":"binary-expr","locations":[{"start":{"line":192,"column":17},"end":{"line":192,"column":22}},{"start":{"line":192,"column":26},"end":{"line":192,"column":32}},{"start":{"line":192,"column":36},"end":{"line":192,"column":51}}]},"15":{"line":195,"type":"if","locations":[{"start":{"line":195,"column":13},"end":{"line":195,"column":13}},{"start":{"line":195,"column":13},"end":{"line":195,"column":13}}]},"16":{"line":233,"type":"if","locations":[{"start":{"line":233,"column":8},"end":{"line":233,"column":8}},{"start":{"line":233,"column":8},"end":{"line":233,"column":8}}]},"17":{"line":238,"type":"if","locations":[{"start":{"line":238,"column":8},"end":{"line":238,"column":8}},{"start":{"line":238,"column":8},"end":{"line":238,"column":8}}]},"18":{"line":243,"type":"if","locations":[{"start":{"line":243,"column":8},"end":{"line":243,"column":8}},{"start":{"line":243,"column":8},"end":{"line":243,"column":8}}]},"19":{"line":254,"type":"if","locations":[{"start":{"line":254,"column":8},"end":{"line":254,"column":8}},{"start":{"line":254,"column":8},"end":{"line":254,"column":8}}]},"20":{"line":254,"type":"binary-expr","locations":[{"start":{"line":254,"column":12},"end":{"line":254,"column":25}},{"start":{"line":254,"column":29},"end":{"line":254,"column":57}}]},"21":{"line":258,"type":"if","locations":[{"start":{"line":258,"column":13},"end":{"line":258,"column":13}},{"start":{"line":258,"column":13},"end":{"line":258,"column":13}}]},"22":{"line":268,"type":"if","locations":[{"start":{"line":268,"column":12},"end":{"line":268,"column":12}},{"start":{"line":268,"column":12},"end":{"line":268,"column":12}}]},"23":{"line":276,"type":"if","locations":[{"start":{"line":276,"column":8},"end":{"line":276,"column":8}},{"start":{"line":276,"column":8},"end":{"line":276,"column":8}}]},"24":{"line":285,"type":"if","locations":[{"start":{"line":285,"column":8},"end":{"line":285,"column":8}},{"start":{"line":285,"column":8},"end":{"line":285,"column":8}}]},"25":{"line":354,"type":"binary-expr","locations":[{"start":{"line":354,"column":18},"end":{"line":354,"column":25}},{"start":{"line":354,"column":29},"end":{"line":354,"column":33}}]},"26":{"line":358,"type":"if","locations":[{"start":{"line":358,"column":8},"end":{"line":358,"column":8}},{"start":{"line":358,"column":8},"end":{"line":358,"column":8}}]},"27":{"line":360,"type":"if","locations":[{"start":{"line":360,"column":12},"end":{"line":360,"column":12}},{"start":{"line":360,"column":12},"end":{"line":360,"column":12}}]},"28":{"line":363,"type":"binary-expr","locations":[{"start":{"line":363,"column":24},"end":{"line":363,"column":37}},{"start":{"line":363,"column":41},"end":{"line":363,"column":46}}]},"29":{"line":366,"type":"if","locations":[{"start":{"line":366,"column":8},"end":{"line":366,"column":8}},{"start":{"line":366,"column":8},"end":{"line":366,"column":8}}]},"30":{"line":386,"type":"binary-expr","locations":[{"start":{"line":386,"column":24},"end":{"line":386,"column":27}},{"start":{"line":386,"column":31},"end":{"line":386,"column":38}},{"start":{"line":386,"column":42},"end":{"line":386,"column":46}}]},"31":{"line":408,"type":"if","locations":[{"start":{"line":408,"column":4},"end":{"line":408,"column":4}},{"start":{"line":408,"column":4},"end":{"line":408,"column":4}}]},"32":{"line":411,"type":"if","locations":[{"start":{"line":411,"column":16},"end":{"line":411,"column":16}},{"start":{"line":411,"column":16},"end":{"line":411,"column":16}}]},"33":{"line":412,"type":"if","locations":[{"start":{"line":412,"column":16},"end":{"line":412,"column":16}},{"start":{"line":412,"column":16},"end":{"line":412,"column":16}}]},"34":{"line":417,"type":"if","locations":[{"start":{"line":417,"column":9},"end":{"line":417,"column":9}},{"start":{"line":417,"column":9},"end":{"line":417,"column":9}}]},"35":{"line":420,"type":"if","locations":[{"start":{"line":420,"column":16},"end":{"line":420,"column":16}},{"start":{"line":420,"column":16},"end":{"line":420,"column":16}}]},"36":{"line":421,"type":"if","locations":[{"start":{"line":421,"column":16},"end":{"line":421,"column":16}},{"start":{"line":421,"column":16},"end":{"line":421,"column":16}}]},"37":{"line":433,"type":"if","locations":[{"start":{"line":433,"column":4},"end":{"line":433,"column":4}},{"start":{"line":433,"column":4},"end":{"line":433,"column":4}}]},"38":{"line":449,"type":"if","locations":[{"start":{"line":449,"column":4},"end":{"line":449,"column":4}},{"start":{"line":449,"column":4},"end":{"line":449,"column":4}}]},"39":{"line":449,"type":"binary-expr","locations":[{"start":{"line":449,"column":34},"end":{"line":449,"column":43}},{"start":{"line":449,"column":47},"end":{"line":449,"column":50}}]},"40":{"line":450,"type":"if","locations":[{"start":{"line":450,"column":4},"end":{"line":450,"column":4}},{"start":{"line":450,"column":4},"end":{"line":450,"column":4}}]},"41":{"line":451,"type":"if","locations":[{"start":{"line":451,"column":8},"end":{"line":451,"column":8}},{"start":{"line":451,"column":8},"end":{"line":451,"column":8}}]},"42":{"line":490,"type":"binary-expr","locations":[{"start":{"line":490,"column":11},"end":{"line":490,"column":24}},{"start":{"line":490,"column":28},"end":{"line":490,"column":47}}]},"43":{"line":495,"type":"if","locations":[{"start":{"line":495,"column":4},"end":{"line":495,"column":4}},{"start":{"line":495,"column":4},"end":{"line":495,"column":4}}]}},"code":["/*","  Copyright 2011 Yuriy Bogdanov <chinsay@gmail.com>","","  Permission is hereby granted, free of charge, to any person obtaining a copy","  of this software and associated documentation files (the \"Software\"), to","  deal in the Software without restriction, including without limitation the","  rights to use, copy, modify, merge, publish, distribute, sublicense, and/or","  sell copies of the Software, and to permit persons to whom the Software is","  furnished to do so, subject to the following conditions:","","  The above copyright notice and this permission notice shall be included in","  all copies or substantial portions of the Software.","","  THE SOFTWARE IS PROVIDED \"AS IS\", WITHOUT WARRANTY OF ANY KIND, EXPRESS OR","  IMPLIED, INCLUDING BUT NOT LIMITED TO THE WARRANTIES OF MERCHANTABILITY,","  FITNESS FOR A PARTICULAR PURPOSE AND NONINFRINGEMENT. IN NO EVENT SHALL THE","  AUTHORS OR COPYRIGHT HOLDERS BE LIABLE FOR ANY CLAIM, DAMAGES OR OTHER","  LIABILITY, WHETHER IN AN ACTION OF CONTRACT, TORT OR OTHERWISE, ARISING","  FROM, OUT OF OR IN CONNECTION WITH THE SOFTWARE OR THE USE OR OTHER DEALINGS","  IN THE SOFTWARE.","*/","","// use node-fibers module","var Fiber = require('fibers');","","/**"," * sync() method simply turns any asynchronous function to synchronous one"," * It receives context object as first param (like Function.prototype.call)"," *"," */","Function.prototype.sync = function(obj /* arguments */) {","    ","    var fiber = Fiber.current,","        err, result,","        yielded = false;","","    // Create virtual callback","    var syncCallback = function (callbackError, callbackResult, otherArgs) {","        // forbid to call twice","        if (syncCallback.called) return;","        syncCallback.called = true;","        ","        if (callbackError) {","            err = callbackError;","        }","        else if (otherArgs) {","            // Support multiple callback result values","            result = [];","            for (var i = 1, l = arguments.length; i < l; i++) {","                result.push(arguments[i]);","            }","        }","        else {","            result = callbackResult;","        }","        ","        // Resume fiber if yielding","        if (yielded) fiber.run();","    }","    ","    // Prepare args (remove first arg and add callback to the end)","    // The cycle is used because of slow v8 arguments materialization","    for (var i = 1, args = [], l = arguments.length; i < l; i++) {","        args.push(arguments[i]);","    }","    args.push(syncCallback);","    ","    // call async function","    this.apply(obj, args);","    ","    // wait for result","    if (!syncCallback.called) {","        yielded = true;","        Fiber.yield();","    }","    ","    // Throw if err","    if (err) throw err;","    ","    return result;","}","","/**"," * Sync module itself"," */","var Sync = function Sync(fn, callback)","{","    if (fn instanceof Function) {","        return Sync.Fiber(fn, callback);","    }","    ","    // TODO: we can also wrap any object with Sync, in future..","}","","Sync.stat = {","    totalFibers : 0,","    activeFibers : 0,","    totalFutures : 0,","    activeFutures : 0","}","","/**"," * This function should be used when you need to turn some peace of code fiberized"," * It just wraps your code with Fiber() logic in addition with exceptions handling"," */","Sync.Fiber = function SyncFiber(fn, callback)","{","    var parent = Fiber.current;","    Sync.stat.totalFibers++;","    ","    var traceError = new Error();","    if (parent) {","        traceError.__previous = parent.traceError;","    }","    ","    var fiber = Fiber(function(){","        ","        Sync.stat.activeFibers++;","        ","        var fiber = Fiber.current,","            result,","            error;","        ","        // Set id to fiber","        fiber.id = Sync.stat.totalFibers;","        ","        // Save the callback to fiber","        fiber.callback = callback;","        ","        // Register trace error to the fiber","        fiber.traceError = traceError;","        ","        // Initialize scope","        fiber.scope = {};","        ","        // Assign parent fiber","        fiber.parent = parent;","        ","        // Fiber string representation","        fiber.toString = function() {","            return 'Fiber#' + fiber.id;","        }","        ","        // Fiber path representation","        fiber.getPath = function() {","            return (fiber.parent ? fiber.parent.getPath() + ' > ' : '' )","                + fiber.toString();","        }","        ","        // Inherit scope from parent fiber","        if (parent) {","            fiber.scope.__proto__ = parent.scope;","        }","        ","        // Add futures support to a fiber","        fiber.futures = [];","        ","        fiber.waitFutures = function() {","            var results = [];","            while (fiber.futures.length)","                results.push(fiber.futures.shift().result);","            return results;","        }","        ","        fiber.removeFuture = function(ticket) {","            var index = fiber.futures.indexOf(ticket);","            if (~index)","                fiber.futures.splice(index, 1);","        }","        ","        fiber.addFuture = function(ticket) {","            fiber.futures.push(ticket);","        }","        ","        // Run body    ","        try {","            // call fn and wait for result","            result = fn(Fiber.current);","            // if there are some futures, wait for results","            fiber.waitFutures();","        }","        catch (e) {","            error = e;","        }","        ","        Sync.stat.activeFibers--;","        ","        // return result to the callback","        if (callback instanceof Function) {","            callback(error, result);","        }","        else if (error && parent && parent.callback) {","            parent.callback(error);","        }","        else if (error) {","            // TODO: what to do with such errors?","            // throw error;","        }","        ","    });","    ","    fiber.run();","}","","/**"," * Future object itself"," */","function SyncFuture(timeout)","{","    var self = this;","    ","    this.resolved = false;","    this.fiber = Fiber.current;","    this.yielding = false;","    this.timeout = timeout;","    this.time = null;","    ","    this._timeoutId = null;","    this._result = undefined;","    this._error = null;","    this._start = +new Date;","    ","    Sync.stat.totalFutures++;","    Sync.stat.activeFutures++;","    ","    // Create timeout error to capture stack trace correctly","    self.timeoutError = new Error();","    Error.captureStackTrace(self.timeoutError, arguments.callee);","    ","    this.ticket = function Future()","    {","        // clear timeout if present","        if (self._timeoutId) clearTimeout(self._timeoutId);","        // measure time","        self.time = new Date - self._start;","        ","        // forbid to call twice","        if (self.resolved) return;","        self.resolved = true;","","        // err returned as first argument","        var err = arguments[0];","        if (err) {","            self._error = err;","        }","        else {","            self._result = arguments[1];","        }","        ","        // remove self from current fiber","        self.fiber.removeFuture(self.ticket);","        Sync.stat.activeFutures--;","        ","        if (self.yielding && Fiber.current !== self.fiber) {","            self.yielding = false;","            self.fiber.run();","        }","        else if (self._error) {","            throw self._error;","        }","    }","    ","    this.ticket.__proto__ = this;","    ","    this.ticket.yield = function() {","        while (!self.resolved) {","            self.yielding = true;","            if (self.timeout) {","                self._timeoutId = setTimeout(function(){","                    self.timeoutError.message = 'Future function timed out at ' + self.timeout + ' ms';","                    self.ticket(self.timeoutError);","                }, self.timeout)","            }","            Fiber.yield();","        }","        if (self._error) throw self._error;","        return self._result;","    }","    ","    this.ticket.__defineGetter__('result', function(){","        return this.yield();","    });","    ","    this.ticket.__defineGetter__('error', function(){","        if (self._error) {","            return self._error;","        }","        try {","            this.result;","        }","        catch (e) {","            return e;","        }","        return null;","    });","    ","    this.ticket.__defineGetter__('timeout', function(){","        return self.timeout;","    });","    ","    this.ticket.__defineSetter__('timeout', function(value){","        self.timeout = value;","    });","    ","    // append self to current fiber","    this.fiber.addFuture(this.ticket);","    ","    return this.ticket;","}","","SyncFuture.prototype.__proto__ = Function;","Sync.Future = SyncFuture;","","/**"," * Calls the function asynchronously and yields only when 'value' or 'error' getters called"," * Returs Future function/object (promise)"," *"," */","Function.prototype.future = function(obj /* arguments */) {","    ","    var fn = this,","        future = new SyncFuture();","","    // Prepare args (remove first arg and add callback to the end)","    // The cycle is used because of slow v8 arguments materialization","    for (var i = 1, args = [], l = arguments.length; i < l; i++) {","        args.push(arguments[i]);","    }","    // virtual future callback, push it as last argument","    args.push(future);","    ","    // call async function","    fn.apply(obj, args);","    ","    return future;","}","","/**"," * Use this method to make asynchronous function from synchronous one"," * This is a opposite function from .sync()"," */","Function.prototype.async = function(context)","{","    var fn = this, fiber = Fiber.current;","    ","    function asyncFunction() {","        ","        // Prepare args (remove first arg and add callback to the end)","        // The cycle is used because of slow v8 arguments materialization","        for (var i = 0, args = [], l = arguments.length; i < l; i++) {","            args.push(arguments[i]);","        }","","        var obj = context || this,","            cb = args.pop(),","            async = true;","        ","        if (typeof(cb) !== 'function') {","            args.push(cb);","            if (Fiber.current) async = false;","        }","        ","        Fiber.current = Fiber.current || fiber;","        ","        // Call asynchronously","        if (async) {","            Sync(function(){","                return fn.apply(obj, args);","            }, cb);","        }","        // Call synchronously in same fiber","        else {","            return fn.apply(obj, args);","        }","    }","    ","    // Do nothing on async again","    asyncFunction.async = function() {","        return asyncFunction;","    }","    // Override sync call","    asyncFunction.sync = function(obj) {","        for (var i = 1, args = [], l = arguments.length; i < l; i++) {","            args.push(arguments[i]);","        }","        return fn.apply(obj || context || this, args);","    }","    // Override toString behavior","    asyncFunction.toString = function() {","\t\treturn fn + '.async()';","\t}","    ","    return asyncFunction;","}","","/**"," * Used for writing synchronous middleware-style functions"," * "," * throw \"something\" --> next('something')"," * return --> next()"," * return null --> next()"," * return undefined --> next()"," * return true --> void"," */","Function.prototype.asyncMiddleware = function(obj){","    var fn = this.async(obj);","    // normal (req, res) middleware","    if (this.length === 2) {","        return function(req, res, next) {","            return fn.call(this, req, res, function(err, result){","                if (err) return next(err);","                if (result !== true) next();","            });","        }","    }","    // error handling (err, req, res) middleware","    else if (this.length === 3) {","        return function(err, req, res, next) {","            return fn.call(this, err, req, res, function(err, result){","                if (err) return next(err);","                if (result !== true) next();","            });","        }","    }","}","","/**"," * Sleeps current fiber on given value of millis"," */","Sync.sleep = function(ms)","{","    var fiber = Fiber.current;","    if (!fiber) {","        throw new Error('Sync.sleep() can be called only inside of fiber');","    }","    ","    setTimeout(function(){","        fiber.run();","    }, ms);","    ","    Fiber.yield();","}","","/**"," * Logs sync result"," */","Sync.log = function(err, result)","{","    if (err) return console.error(err.stack || err);","    if (arguments.length == 2) {","        if (result === undefined) return;","        return console.log(result);","    }","    console.log(Array.prototyle.slice.call(arguments, 1));","}","","/**"," * Synchronous repl implementation: each line = new fiber"," */","Sync.repl = function() {","    ","    var repl = require('repl');","    ","    // Start original repl","    var r = repl.start.apply(repl, arguments);","    ","    // Wrap line watchers with Fiber","    var newLinsteners = []","    r.rli.listeners('line').map(function(f){","        newLinsteners.push(function(a){","            Sync(function(){","                require.cache[__filename] = module;","                f(a);","            }, Sync.log)","        })","    })","    r.rli.removeAllListeners('line');","    while (newLinsteners.length) {","        r.rli.on('line', newLinsteners.shift());","    }","    ","    // Assign Sync to repl context","    r.context.Sync = Sync;","    ","    return r;","};","","// TODO: document","Sync.__defineGetter__('scope', function() {","    return Fiber.current && Fiber.current.scope;","})","","// TODO: document","Sync.waitFutures = function() {","    if (Fiber.current) {","        Fiber.current.waitFutures();","    }","}","","// Expose Fibers","Sync.Fibers = Fiber;","","module.exports = exports = Sync;",""],"l":{"24":1,"31":1,"33":0,"38":0,"40":0,"41":0,"43":0,"44":0,"46":0,"48":0,"49":0,"50":0,"54":0,"58":0,"63":0,"64":0,"66":0,"69":0,"72":0,"73":0,"74":0,"78":0,"80":0,"86":1,"88":0,"89":0,"95":1,"106":1,"108":0,"109":0,"111":0,"112":0,"113":0,"116":0,"118":0,"120":0,"125":0,"128":0,"131":0,"134":0,"137":0,"140":0,"141":0,"145":0,"146":0,"151":0,"152":0,"156":0,"158":0,"159":0,"160":0,"161":0,"162":0,"165":0,"166":0,"167":0,"168":0,"171":0,"172":0,"176":0,"178":0,"180":0,"183":0,"186":0,"189":0,"190":0,"192":0,"193":0,"195":0,"202":0,"208":1,"210":0,"212":0,"213":0,"214":0,"215":0,"216":0,"218":0,"219":0,"220":0,"221":0,"223":0,"224":0,"227":0,"228":0,"230":0,"233":0,"235":0,"238":0,"239":0,"242":0,"243":0,"244":0,"247":0,"251":0,"252":0,"254":0,"255":0,"256":0,"258":0,"259":0,"263":0,"265":0,"266":0,"267":0,"268":0,"269":0,"270":0,"271":0,"274":0,"276":0,"277":0,"280":0,"281":0,"284":0,"285":0,"286":0,"288":0,"289":0,"292":0,"294":0,"297":0,"298":0,"301":0,"302":0,"306":0,"308":0,"311":1,"312":1,"319":1,"321":0,"326":0,"327":0,"330":0,"333":0,"335":0,"342":1,"344":0,"346":1,"350":0,"351":0,"354":0,"358":0,"359":0,"360":0,"363":0,"366":0,"367":0,"368":0,"373":0,"378":0,"379":0,"382":0,"383":0,"384":0,"386":0,"389":0,"390":0,"393":0,"405":1,"406":0,"408":0,"409":0,"410":0,"411":0,"412":0,"417":0,"418":0,"419":0,"420":0,"421":0,"430":1,"432":0,"433":0,"434":0,"437":0,"438":0,"441":0,"447":1,"449":0,"450":0,"451":0,"452":0,"454":0,"460":1,"462":0,"465":0,"468":0,"469":0,"470":0,"471":0,"472":0,"473":0,"477":0,"478":0,"479":0,"483":0,"485":0,"489":1,"490":2,"494":1,"495":0,"496":0,"501":1,"503":1}}}